{
  "stats": {
    "suites": 34,
    "tests": 137,
    "passes": 137,
    "pending": 0,
    "failures": 0,
    "testsRegistered": 137,
    "passPercent": 100,
    "pendingPercent": 0,
    "other": 0,
    "hasOther": false,
    "skipped": 0,
    "hasSkipped": false,
    "start": "2025-06-04T00:40:11.733Z",
    "end": "2025-06-04T00:44:58.867Z",
    "duration": 287134
  },
  "results": [
    {
      "uuid": "c9ccd0eb-537d-46bc-a152-556fce49d8e7",
      "title": "",
      "fullFile": "cypress/e2e/AddProducts_spec.cy.js",
      "file": "cypress/e2e/AddProducts_spec.cy.js",
      "beforeHooks": [],
      "afterHooks": [],
      "tests": [],
      "suites": [
        {
          "uuid": "dc9ba8e5-e79c-44c3-b711-0ae477418cab",
          "title": "Test Case 12: Adding Products to Cart",
          "fullFile": "",
          "file": "",
          "beforeHooks": [],
          "afterHooks": [],
          "tests": [
            {
              "title": "should add product to the cart and verify details",
              "fullTitle": "Test Case 12: Adding Products to Cart should add product to the cart and verify details",
              "timedOut": null,
              "duration": 6558,
              "state": "passed",
              "speed": "medium",
              "pass": true,
              "fail": false,
              "pending": false,
              "context": null,
              "code": "// Launch and verify homepage\nhomePage.visit();\nhomePage.verifyHomePageVisible();\n// Navigate to Products page\nproductPage.visit();\n// Add first product (index 0)\nproductPage.addFirstProductToCart();\n// Click View Cart\ncartPage.visit();\n// Verify price, quantity, and total price\ncartPage.verifyProductPricesAndTotal();",
              "err": {},
              "uuid": "e00ae39a-b336-4c51-969f-f432cf026416",
              "parentUUID": "dc9ba8e5-e79c-44c3-b711-0ae477418cab",
              "isHook": false,
              "skipped": false
            }
          ],
          "suites": [],
          "passes": [
            "e00ae39a-b336-4c51-969f-f432cf026416"
          ],
          "failures": [],
          "pending": [],
          "skipped": [],
          "duration": 6558,
          "root": false,
          "rootEmpty": false,
          "_timeout": 2000
        }
      ],
      "passes": [],
      "failures": [],
      "pending": [],
      "skipped": [],
      "duration": 0,
      "root": true,
      "rootEmpty": true,
      "_timeout": 2000
    },
    {
      "uuid": "d9aa10cd-30f0-4f42-9da2-13cfafc53209",
      "title": "",
      "fullFile": "cypress/e2e/AddReviewToProducts_spec.cy.js",
      "file": "cypress/e2e/AddReviewToProducts_spec.cy.js",
      "beforeHooks": [],
      "afterHooks": [],
      "tests": [],
      "suites": [
        {
          "uuid": "bff9887c-64fb-4e3d-8dcd-886a81919dde",
          "title": "Test Case 14: Add Review on a Product",
          "fullFile": "",
          "file": "",
          "beforeHooks": [],
          "afterHooks": [],
          "tests": [
            {
              "title": "should allow user to add a review on a product",
              "fullTitle": "Test Case 14: Add Review on a Product should allow user to add a review on a product",
              "timedOut": null,
              "duration": 9319,
              "state": "passed",
              "speed": "medium",
              "pass": true,
              "fail": false,
              "pending": false,
              "context": null,
              "code": "// Visit homepage and navigate to products\nhomePage.visit();\n// Go to products page\nproductsPage.visit();\nproductsPage.verifyProductsPageVisible();\n// Click 'View Product'\nproductsPage.clickFirstViewProduct();\n// Verify 'Write Your Review'\nproductDetails.verifyReviewSectionVisible();\n// Submit review\nproductDetails.submitReview(this.review.name, this.review.email, this.review.review);\n// Verify success message\nproductDetails.verifyReviewSuccessMessage();",
              "err": {},
              "uuid": "6f2be283-16d3-4fe5-b468-bdd5197853ae",
              "parentUUID": "bff9887c-64fb-4e3d-8dcd-886a81919dde",
              "isHook": false,
              "skipped": false
            }
          ],
          "suites": [],
          "passes": [
            "6f2be283-16d3-4fe5-b468-bdd5197853ae"
          ],
          "failures": [],
          "pending": [],
          "skipped": [],
          "duration": 9319,
          "root": false,
          "rootEmpty": false,
          "_timeout": 2000
        }
      ],
      "passes": [],
      "failures": [],
      "pending": [],
      "skipped": [],
      "duration": 0,
      "root": true,
      "rootEmpty": true,
      "_timeout": 2000
    },
    {
      "uuid": "1eac712c-89b3-48de-ac8f-1ef9fc3fdfa7",
      "title": "",
      "fullFile": "cypress/e2e/CartSubscription_spec.cy.js",
      "file": "cypress/e2e/CartSubscription_spec.cy.js",
      "beforeHooks": [],
      "afterHooks": [],
      "tests": [],
      "suites": [
        {
          "uuid": "6b770368-7129-4f00-940d-192dee17ab36",
          "title": "Test Case 11: Subscription from Cart Page",
          "fullFile": "",
          "file": "",
          "beforeHooks": [],
          "afterHooks": [],
          "tests": [
            {
              "title": "should allow user to subscribe from footer on cart page",
              "fullTitle": "Test Case 11: Subscription from Cart Page should allow user to subscribe from footer on cart page",
              "timedOut": null,
              "duration": 6826,
              "state": "passed",
              "speed": "medium",
              "pass": true,
              "fail": false,
              "pending": false,
              "context": null,
              "code": "// Visit and verify home page\nhomePage.visit();\nhomePage.verifyHomePageVisible();\n//since i found cart page won't work without an item we need to add one first to view page\n// add product\ncy.log('Cart is empty, adding a product first');\nproductPage.visit();\nproductPage.addFirstProductToCart();\ncartPage.visit();\n// Scroll down to footer\ncartPage.scrollToFooter();\n// Verify 'SUBSCRIPTION' text\ncartPage.verifySubscriptionTextVisible();\n// Enter email and click arrow\nconst email = `test${Date.now()}@example.com`;\ncartPage.enterEmailInSubscription(email);\ncartPage.clickSubscribeArrow();\n// Verify success message\ncartPage.verifySubscriptionSuccessMessage();",
              "err": {},
              "uuid": "c0b4d693-d22e-4be9-8df0-1111c8c74760",
              "parentUUID": "6b770368-7129-4f00-940d-192dee17ab36",
              "isHook": false,
              "skipped": false
            }
          ],
          "suites": [],
          "passes": [
            "c0b4d693-d22e-4be9-8df0-1111c8c74760"
          ],
          "failures": [],
          "pending": [],
          "skipped": [],
          "duration": 6826,
          "root": false,
          "rootEmpty": false,
          "_timeout": 2000
        }
      ],
      "passes": [],
      "failures": [],
      "pending": [],
      "skipped": [],
      "duration": 0,
      "root": true,
      "rootEmpty": true,
      "_timeout": 2000
    },
    {
      "uuid": "e95f2146-ee29-423f-a7d3-21a651b56804",
      "title": "",
      "fullFile": "cypress/e2e/ContactUsForm_spec.cy.js",
      "file": "cypress/e2e/ContactUsForm_spec.cy.js",
      "beforeHooks": [],
      "afterHooks": [],
      "tests": [],
      "suites": [
        {
          "uuid": "fc854061-b855-4b31-8fb1-2411011130af",
          "title": "Test Case 6: Contact Us Form",
          "fullFile": "",
          "file": "",
          "beforeHooks": [],
          "afterHooks": [],
          "tests": [
            {
              "title": "should successfully submit the contact form",
              "fullTitle": "Test Case 6: Contact Us Form should successfully submit the contact form",
              "timedOut": null,
              "duration": 7630,
              "state": "passed",
              "speed": "medium",
              "pass": true,
              "fail": false,
              "pending": false,
              "context": null,
              "code": "// Visit and verify homepage\nhomePage.visit();\nhomePage.verifyHomePageVisible();\n// Click on 'Contact Us'\ncy.contains('Contact us').click();\n// Verify 'GET IN TOUCH'\ncontactPage.verifyGetInTouchVisible();\n// Fill in form\ncontactPage.getNameField().type(this.form.name);\ncontactPage.getEmailField().type(this.form.email);\ncontactPage.getSubjectField().type(this.form.subject);\ncontactPage.getMessageField().type(this.form.message);\n// Click 'Submit'\ncontactPage.clickSubmit();\n// Confirm alert\ncy.on('window:alert', text => {\n  expect(text).to.contains('Press OK');\n});\n// Verify success message\ncontactPage.verifySuccessMessage();\n// Click 'Home' and verify navigation\ncontactPage.clickHomeButton();\nhomePage.verifyHomePageVisible();",
              "err": {},
              "uuid": "fd182ae6-2c25-4a31-96dd-431cdb5f389f",
              "parentUUID": "fc854061-b855-4b31-8fb1-2411011130af",
              "isHook": false,
              "skipped": false
            }
          ],
          "suites": [],
          "passes": [
            "fd182ae6-2c25-4a31-96dd-431cdb5f389f"
          ],
          "failures": [],
          "pending": [],
          "skipped": [],
          "duration": 7630,
          "root": false,
          "rootEmpty": false,
          "_timeout": 2000
        }
      ],
      "passes": [],
      "failures": [],
      "pending": [],
      "skipped": [],
      "duration": 0,
      "root": true,
      "rootEmpty": true,
      "_timeout": 2000
    },
    {
      "uuid": "805c4e83-2176-4f49-84a5-eccdad570b17",
      "title": "",
      "fullFile": "cypress/e2e/ExistingUserValidation_spec.cy.js",
      "file": "cypress/e2e/ExistingUserValidation_spec.cy.js",
      "beforeHooks": [],
      "afterHooks": [],
      "tests": [],
      "suites": [
        {
          "uuid": "e98d5f63-2eaf-4f05-85ec-355ff3195115",
          "title": "Test Case 5: Register User with existing email",
          "fullFile": "",
          "file": "",
          "beforeHooks": [],
          "afterHooks": [],
          "tests": [
            {
              "title": "should show error when registering with existing email",
              "fullTitle": "Test Case 5: Register User with existing email should show error when registering with existing email",
              "timedOut": null,
              "duration": 5116,
              "state": "passed",
              "speed": "medium",
              "pass": true,
              "fail": false,
              "pending": false,
              "context": null,
              "code": "// visiting home page\nhomePage.visit();\nhomePage.verifyHomePageVisible();\n// Click on Signup/Login\nhomePage.getSignupLoginButton().click();\n// Verify New User Signup is visible\nsignupPage.verifyNewUserSignupVisible();\n// Enter name and existing email\nsignupPage.enterNameEmail(this.inf.name, this.inf.email);\nloginPage.enterLoginPassword(this.inf.password);\n// Click Signup\nsignupPage.clickSignupButton();\n// Verify error message\nsignupPage.verifyEmailAlreadyExistsError();",
              "err": {},
              "uuid": "9d61076f-a533-4e8e-9958-87a7ae4a3f6a",
              "parentUUID": "e98d5f63-2eaf-4f05-85ec-355ff3195115",
              "isHook": false,
              "skipped": false
            }
          ],
          "suites": [],
          "passes": [
            "9d61076f-a533-4e8e-9958-87a7ae4a3f6a"
          ],
          "failures": [],
          "pending": [],
          "skipped": [],
          "duration": 5116,
          "root": false,
          "rootEmpty": false,
          "_timeout": 2000
        }
      ],
      "passes": [],
      "failures": [],
      "pending": [],
      "skipped": [],
      "duration": 0,
      "root": true,
      "rootEmpty": true,
      "_timeout": 2000
    },
    {
      "uuid": "8796b719-8aaf-4b45-9a17-d801f99e051e",
      "title": "",
      "fullFile": "cypress/e2e/HomeSuscription_spec.cy.js",
      "file": "cypress/e2e/HomeSuscription_spec.cy.js",
      "beforeHooks": [],
      "afterHooks": [],
      "tests": [],
      "suites": [
        {
          "uuid": "0db1dcdd-06b6-49ca-9094-42fb95b1e0b2",
          "title": "Test Case 10: Verify Subscription in Home Page",
          "fullFile": "",
          "file": "",
          "beforeHooks": [],
          "afterHooks": [],
          "tests": [
            {
              "title": "should allow user to subscribe from the footer",
              "fullTitle": "Test Case 10: Verify Subscription in Home Page should allow user to subscribe from the footer",
              "timedOut": null,
              "duration": 4681,
              "state": "passed",
              "speed": "fast",
              "pass": true,
              "fail": false,
              "pending": false,
              "context": null,
              "code": "// Visit and verify homepage\nhomePage.visit();\nhomePage.verifyHomePageVisible();\n// Scroll to footer\nhomePage.scrollToFooter();\n// Verify 'SUBSCRIPTION' text\nhomePage.verifySubscriptionTextVisible();\n// Enter email and click arrow\nconst email = `test${Date.now()}@example.com`;\nhomePage.enterEmailInSubscription(email);\nhomePage.clickSubscribeArrow();\n// Verify success message\nhomePage.verifySubscriptionSuccessMessage();",
              "err": {},
              "uuid": "5d663a98-b457-4ae0-81af-114438ed2791",
              "parentUUID": "0db1dcdd-06b6-49ca-9094-42fb95b1e0b2",
              "isHook": false,
              "skipped": false
            }
          ],
          "suites": [],
          "passes": [
            "5d663a98-b457-4ae0-81af-114438ed2791"
          ],
          "failures": [],
          "pending": [],
          "skipped": [],
          "duration": 4681,
          "root": false,
          "rootEmpty": false,
          "_timeout": 2000
        }
      ],
      "passes": [],
      "failures": [],
      "pending": [],
      "skipped": [],
      "duration": 0,
      "root": true,
      "rootEmpty": true,
      "_timeout": 2000
    },
    {
      "uuid": "e5df24f7-6e51-40cd-9035-6b2e54139e7b",
      "title": "",
      "fullFile": "cypress/e2e/InvalidLogin_spec.cy.js",
      "file": "cypress/e2e/InvalidLogin_spec.cy.js",
      "beforeHooks": [],
      "afterHooks": [],
      "tests": [],
      "suites": [
        {
          "uuid": "df71f73c-66f9-4943-875c-c95851a2ae7e",
          "title": "Test Case 3: Login User with incorrect email and password",
          "fullFile": "",
          "file": "",
          "beforeHooks": [],
          "afterHooks": [],
          "tests": [
            {
              "title": "should display error for invalid login",
              "fullTitle": "Test Case 3: Login User with incorrect email and password should display error for invalid login",
              "timedOut": null,
              "duration": 5258,
              "state": "passed",
              "speed": "medium",
              "pass": true,
              "fail": false,
              "pending": false,
              "context": null,
              "code": "// Launch and verify\nhomePage.visit();\nhomePage.verifyHomePageVisible();\n// Click login\nhomePage.getSignupLoginButton().click();\n// Verify login form visible\ncy.contains('Login to your account').should('be.visible');\n// Enter incorrect creds and submit\nloginPage.enterLoginEmail(this.invalid.invalidEmail);\nloginPage.enterLoginPassword(this.invalid.invalidPassword);\nloginPage.clickLoginButton();\n// Verify error message\nloginPage.verifyLoginErrorVisible();",
              "err": {},
              "uuid": "34926ae0-582a-4b0a-a43c-ceeaa8bff182",
              "parentUUID": "df71f73c-66f9-4943-875c-c95851a2ae7e",
              "isHook": false,
              "skipped": false
            }
          ],
          "suites": [],
          "passes": [
            "34926ae0-582a-4b0a-a43c-ceeaa8bff182"
          ],
          "failures": [],
          "pending": [],
          "skipped": [],
          "duration": 5258,
          "root": false,
          "rootEmpty": false,
          "_timeout": 2000
        }
      ],
      "passes": [],
      "failures": [],
      "pending": [],
      "skipped": [],
      "duration": 0,
      "root": true,
      "rootEmpty": true,
      "_timeout": 2000
    },
    {
      "uuid": "1ef46899-bb5c-42bf-ad74-5e5895e194b7",
      "title": "",
      "fullFile": "cypress/e2e/LogOutUser_spec.cy.js",
      "file": "cypress/e2e/LogOutUser_spec.cy.js",
      "beforeHooks": [],
      "afterHooks": [],
      "tests": [],
      "suites": [
        {
          "uuid": "f9b758d7-dd93-4d86-a463-fc2cb3d33043",
          "title": "Test Case 4: Log out user",
          "fullFile": "",
          "file": "",
          "beforeHooks": [],
          "afterHooks": [],
          "tests": [
            {
              "title": "should log in and log out the user successfully",
              "fullTitle": "Test Case 4: Log out user should log in and log out the user successfully",
              "timedOut": null,
              "duration": 6952,
              "state": "passed",
              "speed": "medium",
              "pass": true,
              "fail": false,
              "pending": false,
              "context": null,
              "code": "// visiting home page\nhomePage.visit();\nhomePage.verifyHomePageVisible();\n// Go to Login\nhomePage.getSignupLoginButton().click();\n// Enter correct email and password\nloginPage.enterLoginEmail(this.inf.email);\nloginPage.enterLoginPassword(this.inf.password);\nloginPage.clickLoginButton();\n// Click logout\nloginPage.clickLogout();\n// Verify redirected to login\nloginPage.verifyRedirectedToLogin();",
              "err": {},
              "uuid": "013858b4-7a87-4a6f-b709-a4c26623b2fd",
              "parentUUID": "f9b758d7-dd93-4d86-a463-fc2cb3d33043",
              "isHook": false,
              "skipped": false
            }
          ],
          "suites": [],
          "passes": [
            "013858b4-7a87-4a6f-b709-a4c26623b2fd"
          ],
          "failures": [],
          "pending": [],
          "skipped": [],
          "duration": 6952,
          "root": false,
          "rootEmpty": false,
          "_timeout": 2000
        }
      ],
      "passes": [],
      "failures": [],
      "pending": [],
      "skipped": [],
      "duration": 0,
      "root": true,
      "rootEmpty": true,
      "_timeout": 2000
    },
    {
      "uuid": "29fd5384-213b-4e20-af29-452b70c6edef",
      "title": "",
      "fullFile": "cypress/e2e/Login_spec.cy.js",
      "file": "cypress/e2e/Login_spec.cy.js",
      "beforeHooks": [],
      "afterHooks": [],
      "tests": [],
      "suites": [
        {
          "uuid": "cbdfefe2-e326-4ef9-af59-e454a22325a6",
          "title": "Test Case 2: Login User with correct email and password",
          "fullFile": "",
          "file": "",
          "beforeHooks": [],
          "afterHooks": [],
          "tests": [
            {
              "title": "should login if user exists, or register first if not",
              "fullTitle": "Test Case 2: Login User with correct email and password should login if user exists, or register first if not",
              "timedOut": null,
              "duration": 13009,
              "state": "passed",
              "speed": "slow",
              "pass": true,
              "fail": false,
              "pending": false,
              "context": null,
              "code": "homePage.visit();\nhomePage.verifyHomePageVisible();\nhomePage.getSignupLoginButton().click();\ncy.contains('New User Signup!').should('be.visible');\n// Try to create user to check existence\ncy.get('[data-qa=\"signup-name\"]').type(this.userInf.name);\ncy.get('[data-qa=\"signup-email\"]').type(this.userInf.email);\ncy.get('[data-qa=\"signup-button\"]').click();\ncy.get('body').then($body => {\n  if ($body.text().includes('Email Address already exist!')) {\n    cy.log('Email exists. Proceeding with login...');\n    // Go back to Login section\n    loginPage.enterLoginEmail(this.userInf.email);\n    loginPage.enterLoginPassword(this.userInf.password);\n    loginPage.clickLoginButton();\n    //accountPage.verifyLoggedIn(this.userInf.username);\n    accountPage.clickDeleteAccount();\n    accountPage.verifyAccountDeleted();\n  } else {\n    // Email did not exist, so registration happened\n    signupPage.verifyAccountInfoVisible();\n    signupPage.fillAccountInfo(this.userInf); // Your reusable fill form function\n    signupPage.clickCreateAccount();\n    accountPage.verifyAccountCreated();\n    accountPage.clickContinue();\n    // accountPage.verifyLoggedIn(this.userInf.username);\n    accountPage.clickDeleteAccount();\n    accountPage.verifyAccountDeleted();\n  }\n});",
              "err": {},
              "uuid": "85821c84-4532-4567-90f5-9be6fba2cee8",
              "parentUUID": "cbdfefe2-e326-4ef9-af59-e454a22325a6",
              "isHook": false,
              "skipped": false
            }
          ],
          "suites": [],
          "passes": [
            "85821c84-4532-4567-90f5-9be6fba2cee8"
          ],
          "failures": [],
          "pending": [],
          "skipped": [],
          "duration": 13009,
          "root": false,
          "rootEmpty": false,
          "_timeout": 2000
        }
      ],
      "passes": [],
      "failures": [],
      "pending": [],
      "skipped": [],
      "duration": 0,
      "root": true,
      "rootEmpty": true,
      "_timeout": 2000
    },
    {
      "uuid": "9cde5c65-9ba4-476a-9adf-241ce095cd63",
      "title": "",
      "fullFile": "cypress/e2e/RemoveProducts_spec.cy.js",
      "file": "cypress/e2e/RemoveProducts_spec.cy.js",
      "beforeHooks": [],
      "afterHooks": [],
      "tests": [],
      "suites": [
        {
          "uuid": "45e9737b-6a6a-4aff-9881-dd7e0ac22e76",
          "title": "Test Case 13: Remove Products from Cart",
          "fullFile": "",
          "file": "",
          "beforeHooks": [],
          "afterHooks": [],
          "tests": [
            {
              "title": "should add and then remove a product from the cart",
              "fullTitle": "Test Case 13: Remove Products from Cart should add and then remove a product from the cart",
              "timedOut": null,
              "duration": 7488,
              "state": "passed",
              "speed": "medium",
              "pass": true,
              "fail": false,
              "pending": false,
              "context": null,
              "code": "// Visit and verify home page\nhomePage.visit();\nhomePage.verifyHomePageVisible();\n// Add a product to cart\nproductsPage.visit();\nproductsPage.addFirstProductToCart();\ncartPage.visit();\n// Verify cart page is displayed\ncartPage.verifyCartPageVisible();\n// Click 'X' to remove product\ncartPage.removeFirstProduct();\n// Verify product is removed\ncartPage.verifyProductRemoved();",
              "err": {},
              "uuid": "b925fb11-b4da-4da4-bf9f-5ff5b46f4756",
              "parentUUID": "45e9737b-6a6a-4aff-9881-dd7e0ac22e76",
              "isHook": false,
              "skipped": false
            }
          ],
          "suites": [],
          "passes": [
            "b925fb11-b4da-4da4-bf9f-5ff5b46f4756"
          ],
          "failures": [],
          "pending": [],
          "skipped": [],
          "duration": 7488,
          "root": false,
          "rootEmpty": false,
          "_timeout": 2000
        }
      ],
      "passes": [],
      "failures": [],
      "pending": [],
      "skipped": [],
      "duration": 0,
      "root": true,
      "rootEmpty": true,
      "_timeout": 2000
    },
    {
      "uuid": "e92839d8-050e-46b9-ac84-bd88ba8110d2",
      "title": "",
      "fullFile": "cypress/e2e/SearchProduct_spec.cy.js",
      "file": "cypress/e2e/SearchProduct_spec.cy.js",
      "beforeHooks": [],
      "afterHooks": [],
      "tests": [],
      "suites": [
        {
          "uuid": "980da740-cf97-40e2-98df-650d1d9be46e",
          "title": "Test Case 9: Search Product",
          "fullFile": "",
          "file": "",
          "beforeHooks": [],
          "afterHooks": [],
          "tests": [
            {
              "title": "should search for a product and display matching results",
              "fullTitle": "Test Case 9: Search Product should search for a product and display matching results",
              "timedOut": null,
              "duration": 6128,
              "state": "passed",
              "speed": "medium",
              "pass": true,
              "fail": false,
              "pending": false,
              "context": null,
              "code": "//  Launch & verify homepage\nhomePage.visit();\nhomePage.verifyHomePageVisible();\n// Click on 'Products' button\nhomePage.clickProducts();\n// Verify navigated to All Products page\nproductsPage.verifyProductsPageVisible();\n// Search for a product\nconst productName = 'Dress'; // any word is ok for this basic search related to products\nproductsPage.enterSearchTerm(productName);\nproductsPage.clickSearchButton();\n// Verify 'SEARCHED PRODUCTS' is visible\nproductsPage.verifySearchedProductsTitleVisible();\n// Verify product list is shown\nproductsPage.verifySearchedProductsVisible();",
              "err": {},
              "uuid": "3360500a-65a6-4789-b891-4c968252ac08",
              "parentUUID": "980da740-cf97-40e2-98df-650d1d9be46e",
              "isHook": false,
              "skipped": false
            }
          ],
          "suites": [],
          "passes": [
            "3360500a-65a6-4789-b891-4c968252ac08"
          ],
          "failures": [],
          "pending": [],
          "skipped": [],
          "duration": 6128,
          "root": false,
          "rootEmpty": false,
          "_timeout": 2000
        }
      ],
      "passes": [],
      "failures": [],
      "pending": [],
      "skipped": [],
      "duration": 0,
      "root": true,
      "rootEmpty": true,
      "_timeout": 2000
    },
    {
      "uuid": "a24dcb6c-b2ee-442e-a9a4-2b34f40e0a28",
      "title": "",
      "fullFile": "cypress/e2e/VerifyProducts_spec.cy.js",
      "file": "cypress/e2e/VerifyProducts_spec.cy.js",
      "beforeHooks": [],
      "afterHooks": [],
      "tests": [],
      "suites": [
        {
          "uuid": "18a2dc1e-b6fc-4969-b774-1fce19914e85",
          "title": "Test Case 8: Verify All Products and Product Detail Page",
          "fullFile": "",
          "file": "",
          "beforeHooks": [],
          "afterHooks": [],
          "tests": [
            {
              "title": "should navigate to All Products and verify product details",
              "fullTitle": "Test Case 8: Verify All Products and Product Detail Page should navigate to All Products and verify product details",
              "timedOut": null,
              "duration": 5731,
              "state": "passed",
              "speed": "medium",
              "pass": true,
              "fail": false,
              "pending": false,
              "context": null,
              "code": "// Launch & verify homepage\nhomePage.visit();\nhomePage.verifyHomePageVisible();\n// Click 'Products'\nhomePage.clickProducts();\n// Verify product list\nproductsPage.verifyProductsPageVisible();\nproductsPage.verifyProductsListVisible();\n// Click 'View Product' of first product\nproductsPage.clickFirstViewProduct();\n// Verify product detail page\ncy.url().should('include', '/product_details/');\nproductDetails.verifyProductDetails();",
              "err": {},
              "uuid": "c07a9cce-86f3-4594-bc1c-147585649a8f",
              "parentUUID": "18a2dc1e-b6fc-4969-b774-1fce19914e85",
              "isHook": false,
              "skipped": false
            }
          ],
          "suites": [],
          "passes": [
            "c07a9cce-86f3-4594-bc1c-147585649a8f"
          ],
          "failures": [],
          "pending": [],
          "skipped": [],
          "duration": 5731,
          "root": false,
          "rootEmpty": false,
          "_timeout": 2000
        }
      ],
      "passes": [],
      "failures": [],
      "pending": [],
      "skipped": [],
      "duration": 0,
      "root": true,
      "rootEmpty": true,
      "_timeout": 2000
    },
    {
      "uuid": "82d650ba-3f61-4983-bc59-ece06ed084aa",
      "title": "",
      "fullFile": "cypress/e2e/VerifyTestPage_spec.cy.js",
      "file": "cypress/e2e/VerifyTestPage_spec.cy.js",
      "beforeHooks": [],
      "afterHooks": [],
      "tests": [],
      "suites": [
        {
          "uuid": "a2b0568f-fa0e-4a36-a6be-5ae1adc06868",
          "title": "Test Case 7: Verify Test Cases Page",
          "fullFile": "",
          "file": "",
          "beforeHooks": [],
          "afterHooks": [],
          "tests": [
            {
              "title": "should navigate to the test cases page successfully",
              "fullTitle": "Test Case 7: Verify Test Cases Page should navigate to the test cases page successfully",
              "timedOut": null,
              "duration": 4078,
              "state": "passed",
              "speed": "fast",
              "pass": true,
              "fail": false,
              "pending": false,
              "context": null,
              "code": "// Visit home page and verify it's visible\nhomePage.visit();\nhomePage.verifyHomePageVisible();\n// Click on 'Test Cases'\nhomePage.clickTestCases();\n// Verify navigation to test cases page\ncy.url().should('include', '/test_cases');\ncy.contains('Test Cases').should('be.visible');",
              "err": {},
              "uuid": "31da0939-7df7-4bad-8782-e222f92cd2ea",
              "parentUUID": "a2b0568f-fa0e-4a36-a6be-5ae1adc06868",
              "isHook": false,
              "skipped": false
            }
          ],
          "suites": [],
          "passes": [
            "31da0939-7df7-4bad-8782-e222f92cd2ea"
          ],
          "failures": [],
          "pending": [],
          "skipped": [],
          "duration": 4078,
          "root": false,
          "rootEmpty": false,
          "_timeout": 2000
        }
      ],
      "passes": [],
      "failures": [],
      "pending": [],
      "skipped": [],
      "duration": 0,
      "root": true,
      "rootEmpty": true,
      "_timeout": 2000
    },
    {
      "uuid": "6f4cacd8-f0cb-4dba-bb0e-571dc97dd675",
      "title": "",
      "fullFile": "cypress/e2e/signUp_delete_spec.cy.js",
      "file": "cypress/e2e/signUp_delete_spec.cy.js",
      "beforeHooks": [],
      "afterHooks": [],
      "tests": [],
      "suites": [
        {
          "uuid": "0f2e6dab-cd14-40a0-a3cb-f6218720d9ba",
          "title": "Test case 1: Signup and Delete Account Flow",
          "fullFile": "",
          "file": "",
          "beforeHooks": [],
          "afterHooks": [],
          "tests": [
            {
              "title": "Should sign up a new user and delete the account",
              "fullTitle": "Test case 1: Signup and Delete Account Flow Should sign up a new user and delete the account",
              "timedOut": null,
              "duration": 12154,
              "state": "passed",
              "speed": "slow",
              "pass": true,
              "fail": false,
              "pending": false,
              "context": null,
              "code": "homePage.verifyHomePageVisible();\nhomePage.clickSignupLogin();\nsignupPage.verifyNewUserSignupVisible();\nsignupPage.enterNameEmail(this.userInf.name, this.userInf.email);\nsignupPage.clickSignupButton();\ncy.get('body').then($body => {\n  if ($body.text().includes('Email Address already exist!')) {\n    cy.log('Email exists. Proceeding to login and then delete...');\n    loginPage.enterLoginEmail(this.userInf.email);\n    loginPage.enterLoginPassword(this.userInf.password);\n    loginPage.clickLoginButton();\n    accountPage.clickDeleteAccount();\n    accountPage.verifyAccountDeleted();\n  } else {\n    // Email did not exist, so registration happened\n    signupPage.verifyEnterAccountInfoVisible();\n    signupPage.fillAccountInfo(this.userInf);\n    signupPage.submitAccountCreation();\n    accountPage.verifyAccountCreated();\n    accountPage.clickContinueButton();\n  }\n  //  resusable code\n  /*\n    signupPage.verifyEnterAccountInfoVisible()\n    signupPage.fillAccountInfo(this.userInf)\n    signupPage.submitAccountCreation()\n     accountPage.verifyAccountCreated()\n    accountPage.clickContinueButton()\n    accountPage.verifyLoggedIn(this.userInf.name)\n    accountPage.deleteAccount()\n    accountPage.verifyAccountDeleted()\n    */\n});",
              "err": {},
              "uuid": "41a5299b-ee71-4af7-ac34-33c1dc786081",
              "parentUUID": "0f2e6dab-cd14-40a0-a3cb-f6218720d9ba",
              "isHook": false,
              "skipped": false
            }
          ],
          "suites": [],
          "passes": [
            "41a5299b-ee71-4af7-ac34-33c1dc786081"
          ],
          "failures": [],
          "pending": [],
          "skipped": [],
          "duration": 12154,
          "root": false,
          "rootEmpty": false,
          "_timeout": 2000
        }
      ],
      "passes": [],
      "failures": [],
      "pending": [],
      "skipped": [],
      "duration": 0,
      "root": true,
      "rootEmpty": true,
      "_timeout": 2000
    },
    {
      "uuid": "9a23e909-09c0-49c3-bf64-61129aeb79d0",
      "title": "",
      "fullFile": "cypress/e2e/1-getting-started/todo.cy.js",
      "file": "cypress/e2e/1-getting-started/todo.cy.js",
      "beforeHooks": [],
      "afterHooks": [],
      "tests": [],
      "suites": [
        {
          "uuid": "884c536a-cfbb-414a-99e5-b2a4a0838ed3",
          "title": "example to-do app",
          "fullFile": "",
          "file": "",
          "beforeHooks": [],
          "afterHooks": [],
          "tests": [
            {
              "title": "displays two todo items by default",
              "fullTitle": "example to-do app displays two todo items by default",
              "timedOut": null,
              "duration": 979,
              "state": "passed",
              "speed": "fast",
              "pass": true,
              "fail": false,
              "pending": false,
              "context": null,
              "code": "// We use the `cy.get()` command to get all elements that match the selector.\n// Then, we use `should` to assert that there are two matched items,\n// which are the two default items.\ncy.get('.todo-list li').should('have.length', 2);\n// We can go even further and check that the default todos each contain\n// the correct text. We use the `first` and `last` functions\n// to get just the first and last matched elements individually,\n// and then perform an assertion with `should`.\ncy.get('.todo-list li').first().should('have.text', 'Pay electric bill');\ncy.get('.todo-list li').last().should('have.text', 'Walk the dog');",
              "err": {},
              "uuid": "7ffcfd0d-0bd0-4092-ab59-f7fe3707db3b",
              "parentUUID": "884c536a-cfbb-414a-99e5-b2a4a0838ed3",
              "isHook": false,
              "skipped": false
            },
            {
              "title": "can add new todo items",
              "fullTitle": "example to-do app can add new todo items",
              "timedOut": null,
              "duration": 465,
              "state": "passed",
              "speed": "fast",
              "pass": true,
              "fail": false,
              "pending": false,
              "context": null,
              "code": "// We'll store our item text in a variable so we can reuse it\nconst newItem = 'Feed the cat';\n// Let's get the input element and use the `type` command to\n// input our new list item. After typing the content of our item,\n// we need to type the enter key as well in order to submit the input.\n// This input has a data-test attribute so we'll use that to select the\n// element in accordance with best practices:\n// https://on.cypress.io/selecting-elements\ncy.get('[data-test=new-todo]').type(`${newItem}{enter}`);\n// Now that we've typed our new item, let's check that it actually was added to the list.\n// Since it's the newest item, it should exist as the last element in the list.\n// In addition, with the two default items, we should have a total of 3 elements in the list.\n// Since assertions yield the element that was asserted on,\n// we can chain both of these assertions together into a single statement.\ncy.get('.todo-list li').should('have.length', 3).last().should('have.text', newItem);",
              "err": {},
              "uuid": "2b199d4e-b82f-405f-b75a-9f6e07592bf1",
              "parentUUID": "884c536a-cfbb-414a-99e5-b2a4a0838ed3",
              "isHook": false,
              "skipped": false
            },
            {
              "title": "can check off an item as completed",
              "fullTitle": "example to-do app can check off an item as completed",
              "timedOut": null,
              "duration": 249,
              "state": "passed",
              "speed": "fast",
              "pass": true,
              "fail": false,
              "pending": false,
              "context": null,
              "code": "// In addition to using the `get` command to get an element by selector,\n// we can also use the `contains` command to get an element by its contents.\n// However, this will yield the <label>, which is lowest-level element that contains the text.\n// In order to check the item, we'll find the <input> element for this <label>\n// by traversing up the dom to the parent element. From there, we can `find`\n// the child checkbox <input> element and use the `check` command to check it.\ncy.contains('Pay electric bill').parent().find('input[type=checkbox]').check();\n// Now that we've checked the button, we can go ahead and make sure\n// that the list element is now marked as completed.\n// Again we'll use `contains` to find the <label> element and then use the `parents` command\n// to traverse multiple levels up the dom until we find the corresponding <li> element.\n// Once we get that element, we can assert that it has the completed class.\ncy.contains('Pay electric bill').parents('li').should('have.class', 'completed');",
              "err": {},
              "uuid": "ec0c3638-8e68-4f99-9649-d378a95db0bf",
              "parentUUID": "884c536a-cfbb-414a-99e5-b2a4a0838ed3",
              "isHook": false,
              "skipped": false
            }
          ],
          "suites": [
            {
              "uuid": "2900be96-5018-4043-8469-d06a1a915085",
              "title": "with a checked task",
              "fullFile": "",
              "file": "",
              "beforeHooks": [],
              "afterHooks": [],
              "tests": [
                {
                  "title": "can filter for uncompleted tasks",
                  "fullTitle": "example to-do app with a checked task can filter for uncompleted tasks",
                  "timedOut": null,
                  "duration": 422,
                  "state": "passed",
                  "speed": "fast",
                  "pass": true,
                  "fail": false,
                  "pending": false,
                  "context": null,
                  "code": "// We'll click on the \"active\" button in order to\n// display only incomplete items\ncy.contains('Active').click();\n// After filtering, we can assert that there is only the one\n// incomplete item in the list.\ncy.get('.todo-list li').should('have.length', 1).first().should('have.text', 'Walk the dog');\n// For good measure, let's also assert that the task we checked off\n// does not exist on the page.\ncy.contains('Pay electric bill').should('not.exist');",
                  "err": {},
                  "uuid": "7dea7b77-99ca-4a2c-bf0f-9dadf2df4951",
                  "parentUUID": "2900be96-5018-4043-8469-d06a1a915085",
                  "isHook": false,
                  "skipped": false
                },
                {
                  "title": "can filter for completed tasks",
                  "fullTitle": "example to-do app with a checked task can filter for completed tasks",
                  "timedOut": null,
                  "duration": 321,
                  "state": "passed",
                  "speed": "fast",
                  "pass": true,
                  "fail": false,
                  "pending": false,
                  "context": null,
                  "code": "// We can perform similar steps as the test above to ensure\n// that only completed tasks are shown\ncy.contains('Completed').click();\ncy.get('.todo-list li').should('have.length', 1).first().should('have.text', 'Pay electric bill');\ncy.contains('Walk the dog').should('not.exist');",
                  "err": {},
                  "uuid": "0d807736-2536-40fb-9ffe-64f9737a2b1a",
                  "parentUUID": "2900be96-5018-4043-8469-d06a1a915085",
                  "isHook": false,
                  "skipped": false
                },
                {
                  "title": "can delete all completed tasks",
                  "fullTitle": "example to-do app with a checked task can delete all completed tasks",
                  "timedOut": null,
                  "duration": 325,
                  "state": "passed",
                  "speed": "fast",
                  "pass": true,
                  "fail": false,
                  "pending": false,
                  "context": null,
                  "code": "// First, let's click the \"Clear completed\" button\n// `contains` is actually serving two purposes here.\n// First, it's ensuring that the button exists within the dom.\n// This button only appears when at least one task is checked\n// so this command is implicitly verifying that it does exist.\n// Second, it selects the button so we can click it.\ncy.contains('Clear completed').click();\n// Then we can make sure that there is only one element\n// in the list and our element does not exist\ncy.get('.todo-list li').should('have.length', 1).should('not.have.text', 'Pay electric bill');\n// Finally, make sure that the clear button no longer exists.\ncy.contains('Clear completed').should('not.exist');",
                  "err": {},
                  "uuid": "d182f402-33cd-40e2-80e8-7c6a8530e082",
                  "parentUUID": "2900be96-5018-4043-8469-d06a1a915085",
                  "isHook": false,
                  "skipped": false
                }
              ],
              "suites": [],
              "passes": [
                "7dea7b77-99ca-4a2c-bf0f-9dadf2df4951",
                "0d807736-2536-40fb-9ffe-64f9737a2b1a",
                "d182f402-33cd-40e2-80e8-7c6a8530e082"
              ],
              "failures": [],
              "pending": [],
              "skipped": [],
              "duration": 1068,
              "root": false,
              "rootEmpty": false,
              "_timeout": 2000
            }
          ],
          "passes": [
            "7ffcfd0d-0bd0-4092-ab59-f7fe3707db3b",
            "2b199d4e-b82f-405f-b75a-9f6e07592bf1",
            "ec0c3638-8e68-4f99-9649-d378a95db0bf"
          ],
          "failures": [],
          "pending": [],
          "skipped": [],
          "duration": 1693,
          "root": false,
          "rootEmpty": false,
          "_timeout": 2000
        }
      ],
      "passes": [],
      "failures": [],
      "pending": [],
      "skipped": [],
      "duration": 0,
      "root": true,
      "rootEmpty": true,
      "_timeout": 2000
    },
    {
      "uuid": "39705015-d1df-4258-88c5-514bfef05e80",
      "title": "",
      "fullFile": "cypress/e2e/2-advanced-examples/actions.cy.js",
      "file": "cypress/e2e/2-advanced-examples/actions.cy.js",
      "beforeHooks": [],
      "afterHooks": [],
      "tests": [],
      "suites": [
        {
          "uuid": "50c5b248-6e67-44ad-94e0-666940ac5df6",
          "title": "Actions",
          "fullFile": "",
          "file": "",
          "beforeHooks": [],
          "afterHooks": [],
          "tests": [
            {
              "title": ".type() - type into a DOM element",
              "fullTitle": "Actions .type() - type into a DOM element",
              "timedOut": null,
              "duration": 4091,
              "state": "passed",
              "speed": "fast",
              "pass": true,
              "fail": false,
              "pending": false,
              "context": null,
              "code": "// https://on.cypress.io/type\ncy.get('.action-email').type('fake@email.com');\ncy.get('.action-email').should('have.value', 'fake@email.com');\n// .type() with special character sequences\ncy.get('.action-email').type('{leftarrow}{rightarrow}{uparrow}{downarrow}');\ncy.get('.action-email').type('{del}{selectall}{backspace}');\n// .type() with key modifiers\ncy.get('.action-email').type('{alt}{option}'); //these are equivalent\ncy.get('.action-email').type('{ctrl}{control}'); //these are equivalent\ncy.get('.action-email').type('{meta}{command}{cmd}'); //these are equivalent\ncy.get('.action-email').type('{shift}');\n// Delay each keypress by 0.1 sec\ncy.get('.action-email').type('slow.typing@email.com', {\n  delay: 100\n});\ncy.get('.action-email').should('have.value', 'slow.typing@email.com');\ncy.get('.action-disabled')\n// Ignore error checking prior to type\n// like whether the input is visible or disabled\n.type('disabled error checking', {\n  force: true\n});\ncy.get('.action-disabled').should('have.value', 'disabled error checking');",
              "err": {},
              "uuid": "9f6f53ad-4a34-4fac-b6d6-724823a3bf2b",
              "parentUUID": "50c5b248-6e67-44ad-94e0-666940ac5df6",
              "isHook": false,
              "skipped": false
            },
            {
              "title": ".focus() - focus on a DOM element",
              "fullTitle": "Actions .focus() - focus on a DOM element",
              "timedOut": null,
              "duration": 244,
              "state": "passed",
              "speed": "fast",
              "pass": true,
              "fail": false,
              "pending": false,
              "context": null,
              "code": "// https://on.cypress.io/focus\ncy.get('.action-focus').focus();\ncy.get('.action-focus').should('have.class', 'focus').prev().should('have.attr', 'style', 'color: orange;');",
              "err": {},
              "uuid": "190f5cdd-4ebc-43b5-a967-2e29a1fb455b",
              "parentUUID": "50c5b248-6e67-44ad-94e0-666940ac5df6",
              "isHook": false,
              "skipped": false
            },
            {
              "title": ".blur() - blur off a DOM element",
              "fullTitle": "Actions .blur() - blur off a DOM element",
              "timedOut": null,
              "duration": 489,
              "state": "passed",
              "speed": "fast",
              "pass": true,
              "fail": false,
              "pending": false,
              "context": null,
              "code": "// https://on.cypress.io/blur\ncy.get('.action-blur').type('About to blur');\ncy.get('.action-blur').blur();\ncy.get('.action-blur').should('have.class', 'error').prev().should('have.attr', 'style', 'color: red;');",
              "err": {},
              "uuid": "ff320784-7225-43a2-bcac-4c9bf6ed0315",
              "parentUUID": "50c5b248-6e67-44ad-94e0-666940ac5df6",
              "isHook": false,
              "skipped": false
            },
            {
              "title": ".clear() - clears an input or textarea element",
              "fullTitle": "Actions .clear() - clears an input or textarea element",
              "timedOut": null,
              "duration": 656,
              "state": "passed",
              "speed": "fast",
              "pass": true,
              "fail": false,
              "pending": false,
              "context": null,
              "code": "// https://on.cypress.io/clear\ncy.get('.action-clear').type('Clear this text');\ncy.get('.action-clear').should('have.value', 'Clear this text');\ncy.get('.action-clear').clear();\ncy.get('.action-clear').should('have.value', '');",
              "err": {},
              "uuid": "be50e1ac-972f-4841-8587-0b04e0f61630",
              "parentUUID": "50c5b248-6e67-44ad-94e0-666940ac5df6",
              "isHook": false,
              "skipped": false
            },
            {
              "title": ".submit() - submit a form",
              "fullTitle": "Actions .submit() - submit a form",
              "timedOut": null,
              "duration": 503,
              "state": "passed",
              "speed": "fast",
              "pass": true,
              "fail": false,
              "pending": false,
              "context": null,
              "code": "// https://on.cypress.io/submit\ncy.get('.action-form').find('[type=\"text\"]').type('HALFOFF');\ncy.get('.action-form').submit();\ncy.get('.action-form').next().should('contain', 'Your form has been submitted!');",
              "err": {},
              "uuid": "5073c01c-1eea-4195-a414-cb718e060ddf",
              "parentUUID": "50c5b248-6e67-44ad-94e0-666940ac5df6",
              "isHook": false,
              "skipped": false
            },
            {
              "title": ".click() - click on a DOM element",
              "fullTitle": "Actions .click() - click on a DOM element",
              "timedOut": null,
              "duration": 2122,
              "state": "passed",
              "speed": "fast",
              "pass": true,
              "fail": false,
              "pending": false,
              "context": null,
              "code": "// https://on.cypress.io/click\ncy.get('.action-btn').click();\n// You can click on 9 specific positions of an element:\n//  -----------------------------------\n// | topLeft        top       topRight |\n// |                                   |\n// |                                   |\n// |                                   |\n// | left          center        right |\n// |                                   |\n// |                                   |\n// |                                   |\n// | bottomLeft   bottom   bottomRight |\n//  -----------------------------------\n// clicking in the center of the element is the default\ncy.get('#action-canvas').click();\ncy.get('#action-canvas').click('topLeft');\ncy.get('#action-canvas').click('top');\ncy.get('#action-canvas').click('topRight');\ncy.get('#action-canvas').click('left');\ncy.get('#action-canvas').click('right');\ncy.get('#action-canvas').click('bottomLeft');\ncy.get('#action-canvas').click('bottom');\ncy.get('#action-canvas').click('bottomRight');\n// .click() accepts an x and y coordinate\n// that controls where the click occurs :)\ncy.get('#action-canvas');\ncy.get('#action-canvas').click(80, 75); // click 80px on x coord and 75px on y coord\ncy.get('#action-canvas').click(170, 75);\ncy.get('#action-canvas').click(80, 165);\ncy.get('#action-canvas').click(100, 185);\ncy.get('#action-canvas').click(125, 190);\ncy.get('#action-canvas').click(150, 185);\ncy.get('#action-canvas').click(170, 165);\n// click multiple elements by passing multiple: true\ncy.get('.action-labels>.label').click({\n  multiple: true\n});\n// Ignore error checking prior to clicking\ncy.get('.action-opacity>.btn').click({\n  force: true\n});",
              "err": {},
              "uuid": "03a8743c-2355-4126-8aa0-fc0a6608ee04",
              "parentUUID": "50c5b248-6e67-44ad-94e0-666940ac5df6",
              "isHook": false,
              "skipped": false
            },
            {
              "title": ".dblclick() - double click on a DOM element",
              "fullTitle": "Actions .dblclick() - double click on a DOM element",
              "timedOut": null,
              "duration": 319,
              "state": "passed",
              "speed": "fast",
              "pass": true,
              "fail": false,
              "pending": false,
              "context": null,
              "code": "// https://on.cypress.io/dblclick\n// Our app has a listener on 'dblclick' event in our 'scripts.js'\n// that hides the div and shows an input on double click\ncy.get('.action-div').dblclick();\ncy.get('.action-div').should('not.be.visible');\ncy.get('.action-input-hidden').should('be.visible');",
              "err": {},
              "uuid": "c2b13e49-792d-47dc-9d16-3ee58b590c98",
              "parentUUID": "50c5b248-6e67-44ad-94e0-666940ac5df6",
              "isHook": false,
              "skipped": false
            },
            {
              "title": ".rightclick() - right click on a DOM element",
              "fullTitle": "Actions .rightclick() - right click on a DOM element",
              "timedOut": null,
              "duration": 271,
              "state": "passed",
              "speed": "fast",
              "pass": true,
              "fail": false,
              "pending": false,
              "context": null,
              "code": "// https://on.cypress.io/rightclick\n// Our app has a listener on 'contextmenu' event in our 'scripts.js'\n// that hides the div and shows an input on right click\ncy.get('.rightclick-action-div').rightclick();\ncy.get('.rightclick-action-div').should('not.be.visible');\ncy.get('.rightclick-action-input-hidden').should('be.visible');",
              "err": {},
              "uuid": "00803cc6-7848-4139-b9d0-b64e4864e337",
              "parentUUID": "50c5b248-6e67-44ad-94e0-666940ac5df6",
              "isHook": false,
              "skipped": false
            },
            {
              "title": ".check() - check a checkbox or radio element",
              "fullTitle": "Actions .check() - check a checkbox or radio element",
              "timedOut": null,
              "duration": 902,
              "state": "passed",
              "speed": "fast",
              "pass": true,
              "fail": false,
              "pending": false,
              "context": null,
              "code": "// https://on.cypress.io/check\n// By default, .check() will check all\n// matching checkbox or radio elements in succession, one after another\ncy.get('.action-checkboxes [type=\"checkbox\"]').not('[disabled]').check();\ncy.get('.action-checkboxes [type=\"checkbox\"]').not('[disabled]').should('be.checked');\ncy.get('.action-radios [type=\"radio\"]').not('[disabled]').check();\ncy.get('.action-radios [type=\"radio\"]').not('[disabled]').should('be.checked');\n// .check() accepts a value argument\ncy.get('.action-radios [type=\"radio\"]').check('radio1');\ncy.get('.action-radios [type=\"radio\"]').should('be.checked');\n// .check() accepts an array of values\ncy.get('.action-multiple-checkboxes [type=\"checkbox\"]').check(['checkbox1', 'checkbox2']);\ncy.get('.action-multiple-checkboxes [type=\"checkbox\"]').should('be.checked');\n// Ignore error checking prior to checking\ncy.get('.action-checkboxes [disabled]').check({\n  force: true\n});\ncy.get('.action-checkboxes [disabled]').should('be.checked');\ncy.get('.action-radios [type=\"radio\"]').check('radio3', {\n  force: true\n});\ncy.get('.action-radios [type=\"radio\"]').should('be.checked');",
              "err": {},
              "uuid": "b766f174-2f04-4d1f-a3e0-f3b888bde667",
              "parentUUID": "50c5b248-6e67-44ad-94e0-666940ac5df6",
              "isHook": false,
              "skipped": false
            },
            {
              "title": ".uncheck() - uncheck a checkbox element",
              "fullTitle": "Actions .uncheck() - uncheck a checkbox element",
              "timedOut": null,
              "duration": 942,
              "state": "passed",
              "speed": "fast",
              "pass": true,
              "fail": false,
              "pending": false,
              "context": null,
              "code": "// https://on.cypress.io/uncheck\n// By default, .uncheck() will uncheck all matching\n// checkbox elements in succession, one after another\ncy.get('.action-check [type=\"checkbox\"]').not('[disabled]').uncheck();\ncy.get('.action-check [type=\"checkbox\"]').not('[disabled]').should('not.be.checked');\n// .uncheck() accepts a value argument\ncy.get('.action-check [type=\"checkbox\"]').check('checkbox1');\ncy.get('.action-check [type=\"checkbox\"]').uncheck('checkbox1');\ncy.get('.action-check [type=\"checkbox\"][value=\"checkbox1\"]').should('not.be.checked');\n// .uncheck() accepts an array of values\ncy.get('.action-check [type=\"checkbox\"]').check(['checkbox1', 'checkbox3']);\ncy.get('.action-check [type=\"checkbox\"]').uncheck(['checkbox1', 'checkbox3']);\ncy.get('.action-check [type=\"checkbox\"][value=\"checkbox1\"]').should('not.be.checked');\ncy.get('.action-check [type=\"checkbox\"][value=\"checkbox3\"]').should('not.be.checked');\n// Ignore error checking prior to unchecking\ncy.get('.action-check [disabled]').uncheck({\n  force: true\n});\ncy.get('.action-check [disabled]').should('not.be.checked');",
              "err": {},
              "uuid": "cfbd3a9b-0424-4393-a625-12da5257f64a",
              "parentUUID": "50c5b248-6e67-44ad-94e0-666940ac5df6",
              "isHook": false,
              "skipped": false
            },
            {
              "title": ".select() - select an option in a <select> element",
              "fullTitle": "Actions .select() - select an option in a <select> element",
              "timedOut": null,
              "duration": 934,
              "state": "passed",
              "speed": "fast",
              "pass": true,
              "fail": false,
              "pending": false,
              "context": null,
              "code": "// https://on.cypress.io/select\n// at first, no option should be selected\ncy.get('.action-select').should('have.value', '--Select a fruit--');\n// Select option(s) with matching text content\ncy.get('.action-select').select('apples');\n// confirm the apples were selected\n// note that each value starts with \"fr-\" in our HTML\ncy.get('.action-select').should('have.value', 'fr-apples');\ncy.get('.action-select-multiple').select(['apples', 'oranges', 'bananas']);\ncy.get('.action-select-multiple')\n// when getting multiple values, invoke \"val\" method first\n.invoke('val').should('deep.equal', ['fr-apples', 'fr-oranges', 'fr-bananas']);\n// Select option(s) with matching value\ncy.get('.action-select').select('fr-bananas');\ncy.get('.action-select')\n// can attach an assertion right away to the element\n.should('have.value', 'fr-bananas');\ncy.get('.action-select-multiple').select(['fr-apples', 'fr-oranges', 'fr-bananas']);\ncy.get('.action-select-multiple').invoke('val').should('deep.equal', ['fr-apples', 'fr-oranges', 'fr-bananas']);\n// assert the selected values include oranges\ncy.get('.action-select-multiple').invoke('val').should('include', 'fr-oranges');",
              "err": {},
              "uuid": "a04aa138-f11d-4501-abb8-498cedde3ba6",
              "parentUUID": "50c5b248-6e67-44ad-94e0-666940ac5df6",
              "isHook": false,
              "skipped": false
            },
            {
              "title": ".scrollIntoView() - scroll an element into view",
              "fullTitle": "Actions .scrollIntoView() - scroll an element into view",
              "timedOut": null,
              "duration": 190,
              "state": "passed",
              "speed": "fast",
              "pass": true,
              "fail": false,
              "pending": false,
              "context": null,
              "code": "// https://on.cypress.io/scrollintoview\n// normally all of these buttons are hidden,\n// because they're not within\n// the viewable area of their parent\n// (we need to scroll to see them)\ncy.get('#scroll-horizontal button').should('not.be.visible');\n// scroll the button into view, as if the user had scrolled\ncy.get('#scroll-horizontal button').scrollIntoView();\ncy.get('#scroll-horizontal button').should('be.visible');\ncy.get('#scroll-vertical button').should('not.be.visible');\n// Cypress handles the scroll direction needed\ncy.get('#scroll-vertical button').scrollIntoView();\ncy.get('#scroll-vertical button').should('be.visible');\ncy.get('#scroll-both button').should('not.be.visible');\n// Cypress knows to scroll to the right and down\ncy.get('#scroll-both button').scrollIntoView();\ncy.get('#scroll-both button').should('be.visible');",
              "err": {},
              "uuid": "20d54937-f470-4e4a-a9fd-68738cd57710",
              "parentUUID": "50c5b248-6e67-44ad-94e0-666940ac5df6",
              "isHook": false,
              "skipped": false
            },
            {
              "title": ".trigger() - trigger an event on a DOM element",
              "fullTitle": "Actions .trigger() - trigger an event on a DOM element",
              "timedOut": null,
              "duration": 245,
              "state": "passed",
              "speed": "fast",
              "pass": true,
              "fail": false,
              "pending": false,
              "context": null,
              "code": "// https://on.cypress.io/trigger\n// To interact with a range input (slider)\n// we need to set its value & trigger the\n// event to signal it changed\n// Here, we invoke jQuery's val() method to set\n// the value and trigger the 'change' event\ncy.get('.trigger-input-range').invoke('val', 25);\ncy.get('.trigger-input-range').trigger('change');\ncy.get('.trigger-input-range').get('input[type=range]').siblings('p').should('have.text', '25');",
              "err": {},
              "uuid": "4f07b7e2-5eed-435c-bea1-779541cc9435",
              "parentUUID": "50c5b248-6e67-44ad-94e0-666940ac5df6",
              "isHook": false,
              "skipped": false
            },
            {
              "title": "cy.scrollTo() - scroll the window or element to a position",
              "fullTitle": "Actions cy.scrollTo() - scroll the window or element to a position",
              "timedOut": null,
              "duration": 2187,
              "state": "passed",
              "speed": "fast",
              "pass": true,
              "fail": false,
              "pending": false,
              "context": null,
              "code": "// https://on.cypress.io/scrollto\n// You can scroll to 9 specific positions of an element:\n//  -----------------------------------\n// | topLeft        top       topRight |\n// |                                   |\n// |                                   |\n// |                                   |\n// | left          center        right |\n// |                                   |\n// |                                   |\n// |                                   |\n// | bottomLeft   bottom   bottomRight |\n//  -----------------------------------\n// if you chain .scrollTo() off of cy, we will\n// scroll the entire window\ncy.scrollTo('bottom');\ncy.get('#scrollable-horizontal').scrollTo('right');\n// or you can scroll to a specific coordinate:\n// (x axis, y axis) in pixels\ncy.get('#scrollable-vertical').scrollTo(250, 250);\n// or you can scroll to a specific percentage\n// of the (width, height) of the element\ncy.get('#scrollable-both').scrollTo('75%', '25%');\n// control the easing of the scroll (default is 'swing')\ncy.get('#scrollable-vertical').scrollTo('center', {\n  easing: 'linear'\n});\n// control the duration of the scroll (in ms)\ncy.get('#scrollable-both').scrollTo('center', {\n  duration: 2000\n});",
              "err": {},
              "uuid": "ca84f18a-e6e4-4c78-8670-99dc62e1f73d",
              "parentUUID": "50c5b248-6e67-44ad-94e0-666940ac5df6",
              "isHook": false,
              "skipped": false
            }
          ],
          "suites": [],
          "passes": [
            "9f6f53ad-4a34-4fac-b6d6-724823a3bf2b",
            "190f5cdd-4ebc-43b5-a967-2e29a1fb455b",
            "ff320784-7225-43a2-bcac-4c9bf6ed0315",
            "be50e1ac-972f-4841-8587-0b04e0f61630",
            "5073c01c-1eea-4195-a414-cb718e060ddf",
            "03a8743c-2355-4126-8aa0-fc0a6608ee04",
            "c2b13e49-792d-47dc-9d16-3ee58b590c98",
            "00803cc6-7848-4139-b9d0-b64e4864e337",
            "b766f174-2f04-4d1f-a3e0-f3b888bde667",
            "cfbd3a9b-0424-4393-a625-12da5257f64a",
            "a04aa138-f11d-4501-abb8-498cedde3ba6",
            "20d54937-f470-4e4a-a9fd-68738cd57710",
            "4f07b7e2-5eed-435c-bea1-779541cc9435",
            "ca84f18a-e6e4-4c78-8670-99dc62e1f73d"
          ],
          "failures": [],
          "pending": [],
          "skipped": [],
          "duration": 14095,
          "root": false,
          "rootEmpty": false,
          "_timeout": 2000
        }
      ],
      "passes": [],
      "failures": [],
      "pending": [],
      "skipped": [],
      "duration": 0,
      "root": true,
      "rootEmpty": true,
      "_timeout": 2000
    },
    {
      "uuid": "9289da3b-1d12-404f-8356-5bc8f01c8368",
      "title": "",
      "fullFile": "cypress/e2e/2-advanced-examples/aliasing.cy.js",
      "file": "cypress/e2e/2-advanced-examples/aliasing.cy.js",
      "beforeHooks": [],
      "afterHooks": [],
      "tests": [],
      "suites": [
        {
          "uuid": "a1488d65-c2b9-4f08-af42-5b0dbda5d63c",
          "title": "Aliasing",
          "fullFile": "",
          "file": "",
          "beforeHooks": [],
          "afterHooks": [],
          "tests": [
            {
              "title": ".as() - alias a DOM element for later use",
              "fullTitle": "Aliasing .as() - alias a DOM element for later use",
              "timedOut": null,
              "duration": 635,
              "state": "passed",
              "speed": "fast",
              "pass": true,
              "fail": false,
              "pending": false,
              "context": null,
              "code": "// https://on.cypress.io/as\n// Alias a DOM element for use later\n// We don't have to traverse to the element\n// later in our code, we reference it with @\ncy.get('.as-table').find('tbody>tr').first().find('td').first().find('button').as('firstBtn');\n// when we reference the alias, we place an\n// @ in front of its name\ncy.get('@firstBtn').click();\ncy.get('@firstBtn').should('have.class', 'btn-success').and('contain', 'Changed');",
              "err": {},
              "uuid": "c4ed6be3-1fd5-4427-9ccf-2bc2fadea757",
              "parentUUID": "a1488d65-c2b9-4f08-af42-5b0dbda5d63c",
              "isHook": false,
              "skipped": false
            },
            {
              "title": ".as() - alias a route for later use",
              "fullTitle": "Aliasing .as() - alias a route for later use",
              "timedOut": null,
              "duration": 1347,
              "state": "passed",
              "speed": "fast",
              "pass": true,
              "fail": false,
              "pending": false,
              "context": null,
              "code": "// Alias the route to wait for its response\ncy.intercept('GET', '**/comments/*').as('getComment');\n// we have code that gets a comment when\n// the button is clicked in scripts.js\ncy.get('.network-btn').click();\n// https://on.cypress.io/wait\ncy.wait('@getComment').its('response.statusCode').should('eq', 200);",
              "err": {},
              "uuid": "454e7fb8-11c3-4be5-9cd3-b74f88e5fc5e",
              "parentUUID": "a1488d65-c2b9-4f08-af42-5b0dbda5d63c",
              "isHook": false,
              "skipped": false
            }
          ],
          "suites": [],
          "passes": [
            "c4ed6be3-1fd5-4427-9ccf-2bc2fadea757",
            "454e7fb8-11c3-4be5-9cd3-b74f88e5fc5e"
          ],
          "failures": [],
          "pending": [],
          "skipped": [],
          "duration": 1982,
          "root": false,
          "rootEmpty": false,
          "_timeout": 2000
        }
      ],
      "passes": [],
      "failures": [],
      "pending": [],
      "skipped": [],
      "duration": 0,
      "root": true,
      "rootEmpty": true,
      "_timeout": 2000
    },
    {
      "uuid": "688a69c8-840c-45a0-be25-41cac5f4d2bd",
      "title": "",
      "fullFile": "cypress/e2e/2-advanced-examples/assertions.cy.js",
      "file": "cypress/e2e/2-advanced-examples/assertions.cy.js",
      "beforeHooks": [],
      "afterHooks": [],
      "tests": [],
      "suites": [
        {
          "uuid": "2f0cd3b0-2677-4430-bac2-655925d50777",
          "title": "Assertions",
          "fullFile": "",
          "file": "",
          "beforeHooks": [],
          "afterHooks": [],
          "tests": [],
          "suites": [
            {
              "uuid": "021951b1-2c2f-42ec-b1a2-afc0c83a00d6",
              "title": "Implicit Assertions",
              "fullFile": "",
              "file": "",
              "beforeHooks": [],
              "afterHooks": [],
              "tests": [
                {
                  "title": ".should() - make an assertion about the current subject",
                  "fullTitle": "Assertions Implicit Assertions .should() - make an assertion about the current subject",
                  "timedOut": null,
                  "duration": 606,
                  "state": "passed",
                  "speed": "fast",
                  "pass": true,
                  "fail": false,
                  "pending": false,
                  "context": null,
                  "code": "// https://on.cypress.io/should\ncy.get('.assertion-table').find('tbody tr:last').should('have.class', 'success').find('td').first()\n// checking the text of the <td> element in various ways\n.should('have.text', 'Column content').should('contain', 'Column content').should('have.html', 'Column content')\n// chai-jquery uses \"is()\" to check if element matches selector\n.should('match', 'td')\n// to match text content against a regular expression\n// first need to invoke jQuery method text()\n// and then match using regular expression\n.invoke('text').should('match', /column content/i);\n// a better way to check element's text content against a regular expression\n// is to use \"cy.contains\"\n// https://on.cypress.io/contains\ncy.get('.assertion-table').find('tbody tr:last')\n// finds first <td> element with text content matching regular expression\n.contains('td', /column content/i).should('be.visible');\n// for more information about asserting element's text\n// see https://on.cypress.io/using-cypress-faq#How-do-I-get-an-element’s-text-contents",
                  "err": {},
                  "uuid": "4683131a-cd2e-436e-951b-abc46f5a349c",
                  "parentUUID": "021951b1-2c2f-42ec-b1a2-afc0c83a00d6",
                  "isHook": false,
                  "skipped": false
                },
                {
                  "title": ".and() - chain multiple assertions together",
                  "fullTitle": "Assertions Implicit Assertions .and() - chain multiple assertions together",
                  "timedOut": null,
                  "duration": 155,
                  "state": "passed",
                  "speed": "fast",
                  "pass": true,
                  "fail": false,
                  "pending": false,
                  "context": null,
                  "code": "// https://on.cypress.io/and\ncy.get('.assertions-link').should('have.class', 'active').and('have.attr', 'href').and('include', 'cypress.io');",
                  "err": {},
                  "uuid": "66300d96-c4e9-4f12-9dc3-6a376695b80c",
                  "parentUUID": "021951b1-2c2f-42ec-b1a2-afc0c83a00d6",
                  "isHook": false,
                  "skipped": false
                }
              ],
              "suites": [],
              "passes": [
                "4683131a-cd2e-436e-951b-abc46f5a349c",
                "66300d96-c4e9-4f12-9dc3-6a376695b80c"
              ],
              "failures": [],
              "pending": [],
              "skipped": [],
              "duration": 761,
              "root": false,
              "rootEmpty": false,
              "_timeout": 2000
            },
            {
              "uuid": "7c5f13cf-634d-4cd2-9935-2a86e94e8bb1",
              "title": "Explicit Assertions",
              "fullFile": "",
              "file": "",
              "beforeHooks": [],
              "afterHooks": [],
              "tests": [
                {
                  "title": "expect - make an assertion about a specified subject",
                  "fullTitle": "Assertions Explicit Assertions expect - make an assertion about a specified subject",
                  "timedOut": null,
                  "duration": 145,
                  "state": "passed",
                  "speed": "fast",
                  "pass": true,
                  "fail": false,
                  "pending": false,
                  "context": null,
                  "code": "// We can use Chai's BDD style assertions\nexpect(true).to.be.true;\nconst o = {\n  foo: 'bar'\n};\nexpect(o).to.equal(o);\nexpect(o).to.deep.equal({\n  foo: 'bar'\n});\n// matching text using regular expression\nexpect('FooBar').to.match(/bar$/i);",
                  "err": {},
                  "uuid": "cd7e8b33-a73c-4e29-843c-7d2e7ddcb3fd",
                  "parentUUID": "7c5f13cf-634d-4cd2-9935-2a86e94e8bb1",
                  "isHook": false,
                  "skipped": false
                },
                {
                  "title": "pass your own callback function to should()",
                  "fullTitle": "Assertions Explicit Assertions pass your own callback function to should()",
                  "timedOut": null,
                  "duration": 158,
                  "state": "passed",
                  "speed": "fast",
                  "pass": true,
                  "fail": false,
                  "pending": false,
                  "context": null,
                  "code": "// Pass a function to should that can have any number\n// of explicit assertions within it.\n// The \".should(cb)\" function will be retried\n// automatically until it passes all your explicit assertions or times out.\ncy.get('.assertions-p').find('p').should($p => {\n  // https://on.cypress.io/$\n  // return an array of texts from all of the p's\n  const texts = $p.map((i, el) => Cypress.$(el).text());\n  // jquery map returns jquery object\n  // and .get() convert this to simple array\n  const paragraphs = texts.get();\n  // array should have length of 3\n  expect(paragraphs, 'has 3 paragraphs').to.have.length(3);\n  // use second argument to expect(...) to provide clear\n  // message with each assertion\n  expect(paragraphs, 'has expected text in each paragraph').to.deep.eq(['Some text from first p', 'More text from second p', 'And even more text from third p']);\n});",
                  "err": {},
                  "uuid": "eb2f925b-b04c-409c-8bff-c49404eec3ad",
                  "parentUUID": "7c5f13cf-634d-4cd2-9935-2a86e94e8bb1",
                  "isHook": false,
                  "skipped": false
                },
                {
                  "title": "finds element by class name regex",
                  "fullTitle": "Assertions Explicit Assertions finds element by class name regex",
                  "timedOut": null,
                  "duration": 281,
                  "state": "passed",
                  "speed": "fast",
                  "pass": true,
                  "fail": false,
                  "pending": false,
                  "context": null,
                  "code": "cy.get('.docs-header').find('div')\n// .should(cb) callback function will be retried\n.should($div => {\n  expect($div).to.have.length(1);\n  const className = $div[0].className;\n  expect(className).to.match(/heading-/);\n})\n// .then(cb) callback is not retried,\n// it either passes or fails\n.then($div => {\n  expect($div, 'text content').to.have.text('Introduction');\n});",
                  "err": {},
                  "uuid": "3a559720-f6e5-40ba-b166-567125e71002",
                  "parentUUID": "7c5f13cf-634d-4cd2-9935-2a86e94e8bb1",
                  "isHook": false,
                  "skipped": false
                },
                {
                  "title": "can throw any error",
                  "fullTitle": "Assertions Explicit Assertions can throw any error",
                  "timedOut": null,
                  "duration": 151,
                  "state": "passed",
                  "speed": "fast",
                  "pass": true,
                  "fail": false,
                  "pending": false,
                  "context": null,
                  "code": "cy.get('.docs-header').find('div').should($div => {\n  if ($div.length !== 1) {\n    // you can throw your own errors\n    throw new Error('Did not find 1 element');\n  }\n  const className = $div[0].className;\n  if (!className.match(/heading-/)) {\n    throw new Error(`Could not find class \"heading-\" in ${className}`);\n  }\n});",
                  "err": {},
                  "uuid": "e5eaf90b-c1e0-4805-ab6c-6f48f6b2087b",
                  "parentUUID": "7c5f13cf-634d-4cd2-9935-2a86e94e8bb1",
                  "isHook": false,
                  "skipped": false
                },
                {
                  "title": "matches unknown text between two elements",
                  "fullTitle": "Assertions Explicit Assertions matches unknown text between two elements",
                  "timedOut": null,
                  "duration": 163,
                  "state": "passed",
                  "speed": "fast",
                  "pass": true,
                  "fail": false,
                  "pending": false,
                  "context": null,
                  "code": "/**\n * Text from the first element.\n * @type {string}\n*/\nlet text;\n/**\n * Normalizes passed text,\n * useful before comparing text with spaces and different capitalization.\n * @param {string} s Text to normalize\n*/\nconst normalizeText = s => s.replace(/\\s/g, '').toLowerCase();\ncy.get('.two-elements').find('.first').then($first => {\n  // save text from the first element\n  text = normalizeText($first.text());\n});\ncy.get('.two-elements').find('.second').should($div => {\n  // we can massage text before comparing\n  const secondText = normalizeText($div.text());\n  expect(secondText, 'second text').to.equal(text);\n});",
                  "err": {},
                  "uuid": "8ca3db68-1120-4237-8fd3-68af65afe71e",
                  "parentUUID": "7c5f13cf-634d-4cd2-9935-2a86e94e8bb1",
                  "isHook": false,
                  "skipped": false
                },
                {
                  "title": "assert - assert shape of an object",
                  "fullTitle": "Assertions Explicit Assertions assert - assert shape of an object",
                  "timedOut": null,
                  "duration": 201,
                  "state": "passed",
                  "speed": "fast",
                  "pass": true,
                  "fail": false,
                  "pending": false,
                  "context": null,
                  "code": "const person = {\n  name: 'Joe',\n  age: 20\n};\nassert.isObject(person, 'value is object');",
                  "err": {},
                  "uuid": "251d665b-3758-4260-976d-7bac521aa1f9",
                  "parentUUID": "7c5f13cf-634d-4cd2-9935-2a86e94e8bb1",
                  "isHook": false,
                  "skipped": false
                },
                {
                  "title": "retries the should callback until assertions pass",
                  "fullTitle": "Assertions Explicit Assertions retries the should callback until assertions pass",
                  "timedOut": null,
                  "duration": 1637,
                  "state": "passed",
                  "speed": "fast",
                  "pass": true,
                  "fail": false,
                  "pending": false,
                  "context": null,
[...]
              "fullTitle": "Traversal .prevUntil() - get all previous sibling DOM elements until el",
              "timedOut": null,
              "duration": 277,
              "state": "passed",
              "speed": "fast",
              "pass": true,
              "fail": false,
              "pending": false,
              "context": null,
              "code": "// https://on.cypress.io/prevuntil\ncy.get('.foods-list').find('#nuts').prevUntil('#veggies').should('have.length', 3);",
              "err": {},
              "uuid": "450fd7af-b4da-4c3b-942e-4cf992f5c3bf",
              "parentUUID": "27ffe0ee-bd7d-4461-a9fc-43bade3c8520",
              "isHook": false,
              "skipped": false
            },
            {
              "title": ".siblings() - get all sibling DOM elements",
              "fullTitle": "Traversal .siblings() - get all sibling DOM elements",
              "timedOut": null,
              "duration": 221,
              "state": "passed",
              "speed": "fast",
              "pass": true,
              "fail": false,
              "pending": false,
              "context": null,
              "code": "// https://on.cypress.io/siblings\ncy.get('.traversal-pills .active').siblings().should('have.length', 2);",
              "err": {},
              "uuid": "c38540a2-d45e-43ff-ab4d-5ed4eec659a4",
              "parentUUID": "27ffe0ee-bd7d-4461-a9fc-43bade3c8520",
              "isHook": false,
              "skipped": false
            }
          ],
          "suites": [],
          "passes": [
            "d743be95-ab51-49c1-8b59-ac665db50ceb",
            "fdc9c556-5eaa-4a6e-bb48-5e298c446237",
            "761c2e6f-00b0-4a88-81e2-a3776dea7b5c",
            "a875b132-8bdd-4f4e-9f8b-e57df965cb77",
            "f2fea861-f039-4e82-aec4-31bb73f4c81a",
            "8526e86a-d2f0-47de-b33e-5fd93ff269eb",
            "b49f51ea-15f3-481a-a077-86ba4af4f150",
            "00a90e9d-acff-427a-a42f-36633bb4ae0a",
            "1de5cde6-bda9-4c53-a74d-8a305a343cc8",
            "9e4e2104-b597-4545-bb13-ac53a22fe192",
            "1870c078-7512-49c1-b074-00cee8cad443",
            "97f1baed-f83b-4fd8-9c6c-e384847d3690",
            "d101d0a7-deab-4e53-92a1-f46993f28a14",
            "cf3c610b-ea11-4852-860b-44423e63c85e",
            "48d28de2-6a29-49bf-9353-74b572707def",
            "57df011f-0208-4f0d-a766-8e4f57ba0dba",
            "450fd7af-b4da-4c3b-942e-4cf992f5c3bf",
            "c38540a2-d45e-43ff-ab4d-5ed4eec659a4"
          ],
          "failures": [],
          "pending": [],
          "skipped": [],
          "duration": 5741,
          "root": false,
          "rootEmpty": false,
          "_timeout": 2000
        }
      ],
      "passes": [],
      "failures": [],
      "pending": [],
      "skipped": [],
      "duration": 0,
      "root": true,
      "rootEmpty": true,
      "_timeout": 2000
    },
    {
      "uuid": "e634d569-7fdd-4e98-88bf-ae76498c67d5",
      "title": "",
      "fullFile": "cypress/e2e/2-advanced-examples/utilities.cy.js",
      "file": "cypress/e2e/2-advanced-examples/utilities.cy.js",
      "beforeHooks": [],
      "afterHooks": [],
      "tests": [],
      "suites": [
        {
          "uuid": "a5f586ca-dfd1-4129-b192-8611a4c5b8ba",
          "title": "Utilities",
          "fullFile": "",
          "file": "",
          "beforeHooks": [],
          "afterHooks": [],
          "tests": [
            {
              "title": "Cypress._ - call a lodash method",
              "fullTitle": "Utilities Cypress._ - call a lodash method",
              "timedOut": null,
              "duration": 1012,
              "state": "passed",
              "speed": "fast",
              "pass": true,
              "fail": false,
              "pending": false,
              "context": null,
              "code": "// https://on.cypress.io/_\ncy.request('https://jsonplaceholder.cypress.io/users').then(response => {\n  let ids = Cypress._.chain(response.body).map('id').take(3).value();\n  expect(ids).to.deep.eq([1, 2, 3]);\n});",
              "err": {},
              "uuid": "c5a1dceb-d491-409e-bf38-6abb7b9deadf",
              "parentUUID": "a5f586ca-dfd1-4129-b192-8611a4c5b8ba",
              "isHook": false,
              "skipped": false
            },
            {
              "title": "Cypress.$ - call a jQuery method",
              "fullTitle": "Utilities Cypress.$ - call a jQuery method",
              "timedOut": null,
              "duration": 354,
              "state": "passed",
              "speed": "fast",
              "pass": true,
              "fail": false,
              "pending": false,
              "context": null,
              "code": "// https://on.cypress.io/$\nlet $li = Cypress.$('.utility-jquery li:first');\ncy.wrap($li).should('not.have.class', 'active');\ncy.wrap($li).click();\ncy.wrap($li).should('have.class', 'active');",
              "err": {},
              "uuid": "a25e6cff-df1f-4b29-beec-6d1943436de6",
              "parentUUID": "a5f586ca-dfd1-4129-b192-8611a4c5b8ba",
              "isHook": false,
              "skipped": false
            },
            {
              "title": "Cypress.Blob - blob utilities and base64 string conversion",
              "fullTitle": "Utilities Cypress.Blob - blob utilities and base64 string conversion",
              "timedOut": null,
              "duration": 850,
              "state": "passed",
              "speed": "fast",
              "pass": true,
              "fail": false,
              "pending": false,
              "context": null,
              "code": "// https://on.cypress.io/blob\ncy.get('.utility-blob').then($div => {\n  // https://github.com/nolanlawson/blob-util#imgSrcToDataURL\n  // get the dataUrl string for the javascript-logo\n  return Cypress.Blob.imgSrcToDataURL('https://example.cypress.io/assets/img/javascript-logo.png', undefined, 'anonymous').then(dataUrl => {\n    // create an <img> element and set its src to the dataUrl\n    let img = Cypress.$('<img />', {\n      src: dataUrl\n    });\n    // need to explicitly return cy here since we are initially returning\n    // the Cypress.Blob.imgSrcToDataURL promise to our test\n    // append the image\n    $div.append(img);\n    cy.get('.utility-blob img').click();\n    cy.get('.utility-blob img').should('have.attr', 'src', dataUrl);\n  });\n});",
              "err": {},
              "uuid": "958cb31a-7726-43e5-b7fb-45b378624263",
              "parentUUID": "a5f586ca-dfd1-4129-b192-8611a4c5b8ba",
              "isHook": false,
              "skipped": false
            },
            {
              "title": "Cypress.minimatch - test out glob patterns against strings",
              "fullTitle": "Utilities Cypress.minimatch - test out glob patterns against strings",
              "timedOut": null,
              "duration": 156,
              "state": "passed",
              "speed": "fast",
              "pass": true,
              "fail": false,
              "pending": false,
              "context": null,
              "code": "// https://on.cypress.io/minimatch\nlet matching = Cypress.minimatch('/users/1/comments', '/users/*/comments', {\n  matchBase: true\n});\nexpect(matching, 'matching wildcard').to.be.true;\nmatching = Cypress.minimatch('/users/1/comments/2', '/users/*/comments', {\n  matchBase: true\n});\nexpect(matching, 'comments').to.be.false;\n// ** matches against all downstream path segments\nmatching = Cypress.minimatch('/foo/bar/baz/123/quux?a=b&c=2', '/foo/**', {\n  matchBase: true\n});\nexpect(matching, 'comments').to.be.true;\n// whereas * matches only the next path segment\nmatching = Cypress.minimatch('/foo/bar/baz/123/quux?a=b&c=2', '/foo/*', {\n  matchBase: false\n});\nexpect(matching, 'comments').to.be.false;",
              "err": {},
              "uuid": "bc045cf7-34bb-4883-8bf0-f8e878cff2ba",
              "parentUUID": "a5f586ca-dfd1-4129-b192-8611a4c5b8ba",
              "isHook": false,
              "skipped": false
            },
            {
              "title": "Cypress.Promise - instantiate a bluebird promise",
              "fullTitle": "Utilities Cypress.Promise - instantiate a bluebird promise",
              "timedOut": null,
              "duration": 1150,
              "state": "passed",
              "speed": "fast",
              "pass": true,
              "fail": false,
              "pending": false,
              "context": null,
              "code": "// https://on.cypress.io/promise\nlet waited = false;\n/**\n * @return Bluebird<string>\n */\nfunction waitOneSecond() {\n  // return a promise that resolves after 1 second\n  return new Cypress.Promise((resolve, reject) => {\n    setTimeout(() => {\n      // set waited to true\n      waited = true;\n      // resolve with 'foo' string\n      resolve('foo');\n    }, 1000);\n  });\n}\ncy.then(() => {\n  // return a promise to cy.then() that\n  // is awaited until it resolves\n  return waitOneSecond().then(str => {\n    expect(str).to.eq('foo');\n    expect(waited).to.be.true;\n  });\n});",
              "err": {},
              "uuid": "40a5a514-8cb0-40de-958a-f576273e28ef",
              "parentUUID": "a5f586ca-dfd1-4129-b192-8611a4c5b8ba",
              "isHook": false,
              "skipped": false
            }
          ],
          "suites": [],
          "passes": [
            "c5a1dceb-d491-409e-bf38-6abb7b9deadf",
            "a25e6cff-df1f-4b29-beec-6d1943436de6",
            "958cb31a-7726-43e5-b7fb-45b378624263",
            "bc045cf7-34bb-4883-8bf0-f8e878cff2ba",
            "40a5a514-8cb0-40de-958a-f576273e28ef"
          ],
          "failures": [],
          "pending": [],
          "skipped": [],
          "duration": 3522,
          "root": false,
          "rootEmpty": false,
          "_timeout": 2000
        }
      ],
      "passes": [],
      "failures": [],
      "pending": [],
      "skipped": [],
      "duration": 0,
      "root": true,
      "rootEmpty": true,
      "_timeout": 2000
    },
    {
      "uuid": "81c04e24-ace9-49c8-a78e-b4711574d30b",
      "title": "",
      "fullFile": "cypress/e2e/2-advanced-examples/viewport.cy.js",
      "file": "cypress/e2e/2-advanced-examples/viewport.cy.js",
      "beforeHooks": [],
      "afterHooks": [],
      "tests": [],
      "suites": [
        {
          "uuid": "e5c38011-f763-471a-a274-5c466d430177",
          "title": "Viewport",
          "fullFile": "",
          "file": "",
          "beforeHooks": [],
          "afterHooks": [],
          "tests": [
            {
              "title": "cy.viewport() - set the viewport size and dimension",
              "fullTitle": "Viewport cy.viewport() - set the viewport size and dimension",
              "timedOut": null,
              "duration": 3377,
              "state": "passed",
              "speed": "fast",
              "pass": true,
              "fail": false,
              "pending": false,
              "context": null,
              "code": "// https://on.cypress.io/viewport\ncy.get('#navbar').should('be.visible');\ncy.viewport(320, 480);\n// the navbar should have collapse since our screen is smaller\ncy.get('#navbar').should('not.be.visible');\ncy.get('.navbar-toggle').should('be.visible').click();\ncy.get('.nav').find('a').should('be.visible');\n// lets see what our app looks like on a super large screen\ncy.viewport(2999, 2999);\n// cy.viewport() accepts a set of preset sizes\n// to easily set the screen to a device's width and height\n// We added a cy.wait() between each viewport change so you can see\n// the change otherwise it is a little too fast to see :)\ncy.viewport('macbook-15');\ncy.wait(200);\ncy.viewport('macbook-13');\ncy.wait(200);\ncy.viewport('macbook-11');\ncy.wait(200);\ncy.viewport('ipad-2');\ncy.wait(200);\ncy.viewport('ipad-mini');\ncy.wait(200);\ncy.viewport('iphone-6+');\ncy.wait(200);\ncy.viewport('iphone-6');\ncy.wait(200);\ncy.viewport('iphone-5');\ncy.wait(200);\ncy.viewport('iphone-4');\ncy.wait(200);\ncy.viewport('iphone-3');\ncy.wait(200);\n// cy.viewport() accepts an orientation for all presets\n// the default orientation is 'portrait'\ncy.viewport('ipad-2', 'portrait');\ncy.wait(200);\ncy.viewport('iphone-4', 'landscape');\ncy.wait(200);\n// The viewport will be reset back to the default dimensions\n// in between tests (the  default can be set in cypress.config.{js|ts})",
              "err": {},
              "uuid": "c2ed8b7d-19e8-495d-8bf2-87bc4eda498a",
              "parentUUID": "e5c38011-f763-471a-a274-5c466d430177",
              "isHook": false,
              "skipped": false
            }
          ],
          "suites": [],
          "passes": [
            "c2ed8b7d-19e8-495d-8bf2-87bc4eda498a"
          ],
          "failures": [],
          "pending": [],
          "skipped": [],
          "duration": 3377,
          "root": false,
          "rootEmpty": false,
          "_timeout": 2000
        }
      ],
      "passes": [],
      "failures": [],
      "pending": [],
      "skipped": [],
      "duration": 0,
      "root": true,
      "rootEmpty": true,
      "_timeout": 2000
    },
    {
      "uuid": "ed82b2a3-76cd-484b-8ab4-c3ead0ceabea",
      "title": "",
      "fullFile": "cypress/e2e/2-advanced-examples/waiting.cy.js",
      "file": "cypress/e2e/2-advanced-examples/waiting.cy.js",
      "beforeHooks": [],
      "afterHooks": [],
      "tests": [],
      "suites": [
        {
          "uuid": "d107e8ba-0779-4a2d-baf9-6c46bf54f4dc",
          "title": "Waiting",
          "fullFile": "",
          "file": "",
          "beforeHooks": [],
          "afterHooks": [],
          "tests": [
            {
              "title": "cy.wait() - wait for a specific amount of time",
              "fullTitle": "Waiting cy.wait() - wait for a specific amount of time",
              "timedOut": null,
              "duration": 4927,
              "state": "passed",
              "speed": "fast",
              "pass": true,
              "fail": false,
              "pending": false,
              "context": null,
              "code": "cy.get('.wait-input1').type('Wait 1000ms after typing');\ncy.wait(1000);\ncy.get('.wait-input2').type('Wait 1000ms after typing');\ncy.wait(1000);\ncy.get('.wait-input3').type('Wait 1000ms after typing');\ncy.wait(1000);",
              "err": {},
              "uuid": "a04e2a85-cf9a-4455-b870-b545b6f77eba",
              "parentUUID": "d107e8ba-0779-4a2d-baf9-6c46bf54f4dc",
              "isHook": false,
              "skipped": false
            },
            {
              "title": "cy.wait() - wait for a specific route",
              "fullTitle": "Waiting cy.wait() - wait for a specific route",
              "timedOut": null,
              "duration": 461,
              "state": "passed",
              "speed": "fast",
              "pass": true,
              "fail": false,
              "pending": false,
              "context": null,
              "code": "// Listen to GET to comments/1\ncy.intercept('GET', '**/comments/*').as('getComment');\n// we have code that gets a comment when\n// the button is clicked in scripts.js\ncy.get('.network-btn').click();\n// wait for GET comments/1\ncy.wait('@getComment').its('response.statusCode').should('be.oneOf', [200, 304]);",
              "err": {},
              "uuid": "82e34ecc-a0c0-42b9-ad87-d82adb718165",
              "parentUUID": "d107e8ba-0779-4a2d-baf9-6c46bf54f4dc",
              "isHook": false,
              "skipped": false
            }
          ],
          "suites": [],
          "passes": [
            "a04e2a85-cf9a-4455-b870-b545b6f77eba",
            "82e34ecc-a0c0-42b9-ad87-d82adb718165"
          ],
          "failures": [],
          "pending": [],
          "skipped": [],
          "duration": 5388,
          "root": false,
          "rootEmpty": false,
          "_timeout": 2000
        }
      ],
      "passes": [],
      "failures": [],
      "pending": [],
      "skipped": [],
      "duration": 0,
      "root": true,
      "rootEmpty": true,
      "_timeout": 2000
    },
    {
      "uuid": "982e7115-9e32-4c34-a8a3-703a86f97faf",
      "title": "",
      "fullFile": "cypress/e2e/2-advanced-examples/window.cy.js",
      "file": "cypress/e2e/2-advanced-examples/window.cy.js",
      "beforeHooks": [],
      "afterHooks": [],
      "tests": [],
      "suites": [
        {
          "uuid": "a209eb1a-38db-499a-b307-60a04ea47499",
          "title": "Window",
          "fullFile": "",
          "file": "",
          "beforeHooks": [],
          "afterHooks": [],
          "tests": [
            {
              "title": "cy.window() - get the global window object",
              "fullTitle": "Window cy.window() - get the global window object",
              "timedOut": null,
              "duration": 740,
              "state": "passed",
              "speed": "fast",
              "pass": true,
              "fail": false,
              "pending": false,
              "context": null,
              "code": "// https://on.cypress.io/window\ncy.window().should('have.property', 'top');",
              "err": {},
              "uuid": "a8986952-6e2c-4c12-9521-9f62c777da14",
              "parentUUID": "a209eb1a-38db-499a-b307-60a04ea47499",
              "isHook": false,
              "skipped": false
            },
            {
              "title": "cy.document() - get the document object",
              "fullTitle": "Window cy.document() - get the document object",
              "timedOut": null,
              "duration": 215,
              "state": "passed",
              "speed": "fast",
              "pass": true,
              "fail": false,
              "pending": false,
              "context": null,
              "code": "// https://on.cypress.io/document\ncy.document().should('have.property', 'charset').and('eq', 'UTF-8');",
              "err": {},
              "uuid": "a5272a13-a470-467d-ac5b-d90fc347f9a5",
              "parentUUID": "a209eb1a-38db-499a-b307-60a04ea47499",
              "isHook": false,
              "skipped": false
            },
            {
              "title": "cy.title() - get the title",
              "fullTitle": "Window cy.title() - get the title",
              "timedOut": null,
              "duration": 132,
              "state": "passed",
              "speed": "fast",
              "pass": true,
              "fail": false,
              "pending": false,
              "context": null,
              "code": "// https://on.cypress.io/title\ncy.title().should('include', 'Kitchen Sink');",
              "err": {},
              "uuid": "5da9914e-8e13-474e-a87f-5e3dea0ab442",
              "parentUUID": "a209eb1a-38db-499a-b307-60a04ea47499",
              "isHook": false,
              "skipped": false
            }
          ],
          "suites": [],
          "passes": [
            "a8986952-6e2c-4c12-9521-9f62c777da14",
            "a5272a13-a470-467d-ac5b-d90fc347f9a5",
            "5da9914e-8e13-474e-a87f-5e3dea0ab442"
          ],
          "failures": [],
          "pending": [],
          "skipped": [],
          "duration": 1087,
          "root": false,
          "rootEmpty": false,
          "_timeout": 2000
        }
      ],
      "passes": [],
      "failures": [],
      "pending": [],
      "skipped": [],
      "duration": 0,
      "root": true,
      "rootEmpty": true,
      "_timeout": 2000
    }
  ],
  "meta": {
    "mocha": {
      "version": "7.2.0"
    },
    "mochawesome": {
      "options": {
        "quiet": false,
        "reportFilename": "mochawesome",
        "saveHtml": false,
        "saveJson": true,
        "consoleReporter": "spec",
        "useInlineDiffs": false,
        "code": true
      },
      "version": "7.1.3"
    },
    "marge": {
      "options": {
        "reportDir": "cypress/reports",
        "overwrite": false,
        "html": false,
        "json": true
      },
      "version": "6.2.0"
    }
  }
}