{
  "stats": {
    "suites": 1,
    "tests": 1,
    "passes": 1,
    "pending": 0,
    "failures": 0,
    "start": "2025-06-04T00:41:48.738Z",
    "end": "2025-06-04T00:41:57.867Z",
    "duration": 9129,
    "testsRegistered": 1,
    "passPercent": 100,
    "pendingPercent": 0,
    "other": 0,
    "hasOther": false,
    "skipped": 0,
    "hasSkipped": false
  },
  "results": [
    {
      "uuid": "9cde5c65-9ba4-476a-9adf-241ce095cd63",
      "title": "",
      "fullFile": "cypress/e2e/RemoveProducts_spec.cy.js",
      "file": "cypress/e2e/RemoveProducts_spec.cy.js",
      "beforeHooks": [],
      "afterHooks": [],
      "tests": [],
      "suites": [
        {
          "uuid": "45e9737b-6a6a-4aff-9881-dd7e0ac22e76",
          "title": "Test Case 13: Remove Products from Cart",
          "fullFile": "",
          "file": "",
          "beforeHooks": [],
          "afterHooks": [],
          "tests": [
            {
              "title": "should add and then remove a product from the cart",
              "fullTitle": "Test Case 13: Remove Products from Cart should add and then remove a product from the cart",
              "timedOut": null,
              "duration": 7488,
              "state": "passed",
              "speed": "medium",
              "pass": true,
              "fail": false,
              "pending": false,
              "context": null,
              "code": "// Visit and verify home page\nhomePage.visit();\nhomePage.verifyHomePageVisible();\n// Add a product to cart\nproductsPage.visit();\nproductsPage.addFirstProductToCart();\ncartPage.visit();\n// Verify cart page is displayed\ncartPage.verifyCartPageVisible();\n// Click 'X' to remove product\ncartPage.removeFirstProduct();\n// Verify product is removed\ncartPage.verifyProductRemoved();",
              "err": {},
              "uuid": "b925fb11-b4da-4da4-bf9f-5ff5b46f4756",
              "parentUUID": "45e9737b-6a6a-4aff-9881-dd7e0ac22e76",
              "isHook": false,
              "skipped": false
            }
          ],
          "suites": [],
          "passes": [
            "b925fb11-b4da-4da4-bf9f-5ff5b46f4756"
          ],
          "failures": [],
          "pending": [],
          "skipped": [],
          "duration": 7488,
          "root": false,
          "rootEmpty": false,
          "_timeout": 2000
        }
      ],
      "passes": [],
      "failures": [],
      "pending": [],
      "skipped": [],
      "duration": 0,
      "root": true,
      "rootEmpty": true,
      "_timeout": 2000
    }
  ],
  "meta": {
    "mocha": {
      "version": "7.2.0"
    },
    "mochawesome": {
      "options": {
        "quiet": false,
        "reportFilename": "mochawesome",
        "saveHtml": false,
        "saveJson": true,
        "consoleReporter": "spec",
        "useInlineDiffs": false,
        "code": true
      },
      "version": "7.1.3"
    },
    "marge": {
      "options": {
        "reportDir": "cypress/reports",
        "overwrite": false,
        "html": false,
        "json": true
      },
      "version": "6.2.0"
    }
  }
}