{
  "stats": {
    "suites": 1,
    "tests": 1,
    "passes": 1,
    "pending": 0,
    "failures": 0,
    "start": "2025-06-04T00:40:11.733Z",
    "end": "2025-06-04T00:40:20.470Z",
    "duration": 8737,
    "testsRegistered": 1,
    "passPercent": 100,
    "pendingPercent": 0,
    "other": 0,
    "hasOther": false,
    "skipped": 0,
    "hasSkipped": false
  },
  "results": [
    {
      "uuid": "c9ccd0eb-537d-46bc-a152-556fce49d8e7",
      "title": "",
      "fullFile": "cypress/e2e/AddProducts_spec.cy.js",
      "file": "cypress/e2e/AddProducts_spec.cy.js",
      "beforeHooks": [],
      "afterHooks": [],
      "tests": [],
      "suites": [
        {
          "uuid": "dc9ba8e5-e79c-44c3-b711-0ae477418cab",
          "title": "Test Case 12: Adding Products to Cart",
          "fullFile": "",
          "file": "",
          "beforeHooks": [],
          "afterHooks": [],
          "tests": [
            {
              "title": "should add product to the cart and verify details",
              "fullTitle": "Test Case 12: Adding Products to Cart should add product to the cart and verify details",
              "timedOut": null,
              "duration": 6558,
              "state": "passed",
              "speed": "medium",
              "pass": true,
              "fail": false,
              "pending": false,
              "context": null,
              "code": "// Launch and verify homepage\nhomePage.visit();\nhomePage.verifyHomePageVisible();\n// Navigate to Products page\nproductPage.visit();\n// Add first product (index 0)\nproductPage.addFirstProductToCart();\n// Click View Cart\ncartPage.visit();\n// Verify price, quantity, and total price\ncartPage.verifyProductPricesAndTotal();",
              "err": {},
              "uuid": "e00ae39a-b336-4c51-969f-f432cf026416",
              "parentUUID": "dc9ba8e5-e79c-44c3-b711-0ae477418cab",
              "isHook": false,
              "skipped": false
            }
          ],
          "suites": [],
          "passes": [
            "e00ae39a-b336-4c51-969f-f432cf026416"
          ],
          "failures": [],
          "pending": [],
          "skipped": [],
          "duration": 6558,
          "root": false,
          "rootEmpty": false,
          "_timeout": 2000
        }
      ],
      "passes": [],
      "failures": [],
      "pending": [],
      "skipped": [],
      "duration": 0,
      "root": true,
      "rootEmpty": true,
      "_timeout": 2000
    }
  ],
  "meta": {
    "mocha": {
      "version": "7.2.0"
    },
    "mochawesome": {
      "options": {
        "quiet": false,
        "reportFilename": "mochawesome",
        "saveHtml": false,
        "saveJson": true,
        "consoleReporter": "spec",
        "useInlineDiffs": false,
        "code": true
      },
      "version": "7.1.3"
    },
    "marge": {
      "options": {
        "reportDir": "cypress/reports",
        "overwrite": false,
        "html": false,
        "json": true
      },
      "version": "6.2.0"
    }
  }
}