{
  "stats": {
    "suites": 1,
    "tests": 1,
    "passes": 1,
    "pending": 0,
    "failures": 0,
    "start": "2025-06-04T00:40:45.283Z",
    "end": "2025-06-04T00:40:54.707Z",
    "duration": 9424,
    "testsRegistered": 1,
    "passPercent": 100,
    "pendingPercent": 0,
    "other": 0,
    "hasOther": false,
    "skipped": 0,
    "hasSkipped": false
  },
  "results": [
    {
      "uuid": "e95f2146-ee29-423f-a7d3-21a651b56804",
      "title": "",
      "fullFile": "cypress/e2e/ContactUsForm_spec.cy.js",
      "file": "cypress/e2e/ContactUsForm_spec.cy.js",
      "beforeHooks": [],
      "afterHooks": [],
      "tests": [],
      "suites": [
        {
          "uuid": "fc854061-b855-4b31-8fb1-2411011130af",
          "title": "Test Case 6: Contact Us Form",
          "fullFile": "",
          "file": "",
          "beforeHooks": [],
          "afterHooks": [],
          "tests": [
            {
              "title": "should successfully submit the contact form",
              "fullTitle": "Test Case 6: Contact Us Form should successfully submit the contact form",
              "timedOut": null,
              "duration": 7630,
              "state": "passed",
              "speed": "medium",
              "pass": true,
              "fail": false,
              "pending": false,
              "context": null,
              "code": "// Visit and verify homepage\nhomePage.visit();\nhomePage.verifyHomePageVisible();\n// Click on 'Contact Us'\ncy.contains('Contact us').click();\n// Verify 'GET IN TOUCH'\ncontactPage.verifyGetInTouchVisible();\n// Fill in form\ncontactPage.getNameField().type(this.form.name);\ncontactPage.getEmailField().type(this.form.email);\ncontactPage.getSubjectField().type(this.form.subject);\ncontactPage.getMessageField().type(this.form.message);\n// Click 'Submit'\ncontactPage.clickSubmit();\n// Confirm alert\ncy.on('window:alert', text => {\n  expect(text).to.contains('Press OK');\n});\n// Verify success message\ncontactPage.verifySuccessMessage();\n// Click 'Home' and verify navigation\ncontactPage.clickHomeButton();\nhomePage.verifyHomePageVisible();",
              "err": {},
              "uuid": "fd182ae6-2c25-4a31-96dd-431cdb5f389f",
              "parentUUID": "fc854061-b855-4b31-8fb1-2411011130af",
              "isHook": false,
              "skipped": false
            }
          ],
          "suites": [],
          "passes": [
            "fd182ae6-2c25-4a31-96dd-431cdb5f389f"
          ],
          "failures": [],
          "pending": [],
          "skipped": [],
          "duration": 7630,
          "root": false,
          "rootEmpty": false,
          "_timeout": 2000
        }
      ],
      "passes": [],
      "failures": [],
      "pending": [],
      "skipped": [],
      "duration": 0,
      "root": true,
      "rootEmpty": true,
      "_timeout": 2000
    }
  ],
  "meta": {
    "mocha": {
      "version": "7.2.0"
    },
    "mochawesome": {
      "options": {
        "quiet": false,
        "reportFilename": "mochawesome",
        "saveHtml": false,
        "saveJson": true,
        "consoleReporter": "spec",
        "useInlineDiffs": false,
        "code": true
      },
      "version": "7.1.3"
    },
    "marge": {
      "options": {
        "reportDir": "cypress/reports",
        "overwrite": false,
        "html": false,
        "json": true
      },
      "version": "6.2.0"
    }
  }
}