{
  "stats": {
    "suites": 1,
    "tests": 1,
    "passes": 1,
    "pending": 0,
    "failures": 0,
    "start": "2025-06-04T00:41:59.585Z",
    "end": "2025-06-04T00:42:07.427Z",
    "duration": 7842,
    "testsRegistered": 1,
    "passPercent": 100,
    "pendingPercent": 0,
    "other": 0,
    "hasOther": false,
    "skipped": 0,
    "hasSkipped": false
  },
  "results": [
    {
      "uuid": "e92839d8-050e-46b9-ac84-bd88ba8110d2",
      "title": "",
      "fullFile": "cypress/e2e/SearchProduct_spec.cy.js",
      "file": "cypress/e2e/SearchProduct_spec.cy.js",
      "beforeHooks": [],
      "afterHooks": [],
      "tests": [],
      "suites": [
        {
          "uuid": "980da740-cf97-40e2-98df-650d1d9be46e",
          "title": "Test Case 9: Search Product",
          "fullFile": "",
          "file": "",
          "beforeHooks": [],
          "afterHooks": [],
          "tests": [
            {
              "title": "should search for a product and display matching results",
              "fullTitle": "Test Case 9: Search Product should search for a product and display matching results",
              "timedOut": null,
              "duration": 6128,
              "state": "passed",
              "speed": "medium",
              "pass": true,
              "fail": false,
              "pending": false,
              "context": null,
              "code": "//  Launch & verify homepage\nhomePage.visit();\nhomePage.verifyHomePageVisible();\n// Click on 'Products' button\nhomePage.clickProducts();\n// Verify navigated to All Products page\nproductsPage.verifyProductsPageVisible();\n// Search for a product\nconst productName = 'Dress'; // any word is ok for this basic search related to products\nproductsPage.enterSearchTerm(productName);\nproductsPage.clickSearchButton();\n// Verify 'SEARCHED PRODUCTS' is visible\nproductsPage.verifySearchedProductsTitleVisible();\n// Verify product list is shown\nproductsPage.verifySearchedProductsVisible();",
              "err": {},
              "uuid": "3360500a-65a6-4789-b891-4c968252ac08",
              "parentUUID": "980da740-cf97-40e2-98df-650d1d9be46e",
              "isHook": false,
              "skipped": false
            }
          ],
          "suites": [],
          "passes": [
            "3360500a-65a6-4789-b891-4c968252ac08"
          ],
          "failures": [],
          "pending": [],
          "skipped": [],
          "duration": 6128,
          "root": false,
          "rootEmpty": false,
          "_timeout": 2000
        }
      ],
      "passes": [],
      "failures": [],
      "pending": [],
      "skipped": [],
      "duration": 0,
      "root": true,
      "rootEmpty": true,
      "_timeout": 2000
    }
  ],
  "meta": {
    "mocha": {
      "version": "7.2.0"
    },
    "mochawesome": {
      "options": {
        "quiet": false,
        "reportFilename": "mochawesome",
        "saveHtml": false,
        "saveJson": true,
        "consoleReporter": "spec",
        "useInlineDiffs": false,
        "code": true
      },
      "version": "7.1.3"
    },
    "marge": {
      "options": {
        "reportDir": "cypress/reports",
        "overwrite": false,
        "html": false,
        "json": true
      },
      "version": "6.2.0"
    }
  }
}