{
  "stats": {
    "suites": 1,
    "tests": 1,
    "passes": 1,
    "pending": 0,
    "failures": 0,
    "start": "2025-06-04T00:40:34.983Z",
    "end": "2025-06-04T00:40:43.645Z",
    "duration": 8662,
    "testsRegistered": 1,
    "passPercent": 100,
    "pendingPercent": 0,
    "other": 0,
    "hasOther": false,
    "skipped": 0,
    "hasSkipped": false
  },
  "results": [
    {
      "uuid": "1eac712c-89b3-48de-ac8f-1ef9fc3fdfa7",
      "title": "",
      "fullFile": "cypress/e2e/CartSubscription_spec.cy.js",
      "file": "cypress/e2e/CartSubscription_spec.cy.js",
      "beforeHooks": [],
      "afterHooks": [],
      "tests": [],
      "suites": [
        {
          "uuid": "6b770368-7129-4f00-940d-192dee17ab36",
          "title": "Test Case 11: Subscription from Cart Page",
          "fullFile": "",
          "file": "",
          "beforeHooks": [],
          "afterHooks": [],
          "tests": [
            {
              "title": "should allow user to subscribe from footer on cart page",
              "fullTitle": "Test Case 11: Subscription from Cart Page should allow user to subscribe from footer on cart page",
              "timedOut": null,
              "duration": 6826,
              "state": "passed",
              "speed": "medium",
              "pass": true,
              "fail": false,
              "pending": false,
              "context": null,
              "code": "// Visit and verify home page\nhomePage.visit();\nhomePage.verifyHomePageVisible();\n//since i found cart page won't work without an item we need to add one first to view page\n// add product\ncy.log('Cart is empty, adding a product first');\nproductPage.visit();\nproductPage.addFirstProductToCart();\ncartPage.visit();\n// Scroll down to footer\ncartPage.scrollToFooter();\n// Verify 'SUBSCRIPTION' text\ncartPage.verifySubscriptionTextVisible();\n// Enter email and click arrow\nconst email = `test${Date.now()}@example.com`;\ncartPage.enterEmailInSubscription(email);\ncartPage.clickSubscribeArrow();\n// Verify success message\ncartPage.verifySubscriptionSuccessMessage();",
              "err": {},
              "uuid": "c0b4d693-d22e-4be9-8df0-1111c8c74760",
              "parentUUID": "6b770368-7129-4f00-940d-192dee17ab36",
              "isHook": false,
              "skipped": false
            }
          ],
          "suites": [],
          "passes": [
            "c0b4d693-d22e-4be9-8df0-1111c8c74760"
          ],
          "failures": [],
          "pending": [],
          "skipped": [],
          "duration": 6826,
          "root": false,
          "rootEmpty": false,
          "_timeout": 2000
        }
      ],
      "passes": [],
      "failures": [],
      "pending": [],
      "skipped": [],
      "duration": 0,
      "root": true,
      "rootEmpty": true,
      "_timeout": 2000
    }
  ],
  "meta": {
    "mocha": {
      "version": "7.2.0"
    },
    "mochawesome": {
      "options": {
        "quiet": false,
        "reportFilename": "mochawesome",
        "saveHtml": false,
        "saveJson": true,
        "consoleReporter": "spec",
        "useInlineDiffs": false,
        "code": true
      },
      "version": "7.1.3"
    },
    "marge": {
      "options": {
        "reportDir": "cypress/reports",
        "overwrite": false,
        "html": false,
        "json": true
      },
      "version": "6.2.0"
    }
  }
}