{
  "stats": {
    "suites": 1,
    "tests": 1,
    "passes": 1,
    "pending": 0,
    "failures": 0,
    "start": "2025-06-04T00:41:21.967Z",
    "end": "2025-06-04T00:41:30.694Z",
    "duration": 8727,
    "testsRegistered": 1,
    "passPercent": 100,
    "pendingPercent": 0,
    "other": 0,
    "hasOther": false,
    "skipped": 0,
    "hasSkipped": false
  },
  "results": [
    {
      "uuid": "1ef46899-bb5c-42bf-ad74-5e5895e194b7",
      "title": "",
      "fullFile": "cypress/e2e/LogOutUser_spec.cy.js",
      "file": "cypress/e2e/LogOutUser_spec.cy.js",
      "beforeHooks": [],
      "afterHooks": [],
      "tests": [],
      "suites": [
        {
          "uuid": "f9b758d7-dd93-4d86-a463-fc2cb3d33043",
          "title": "Test Case 4: Log out user",
          "fullFile": "",
          "file": "",
          "beforeHooks": [],
          "afterHooks": [],
          "tests": [
            {
              "title": "should log in and log out the user successfully",
              "fullTitle": "Test Case 4: Log out user should log in and log out the user successfully",
              "timedOut": null,
              "duration": 6952,
              "state": "passed",
              "speed": "medium",
              "pass": true,
              "fail": false,
              "pending": false,
              "context": null,
              "code": "// visiting home page\nhomePage.visit();\nhomePage.verifyHomePageVisible();\n// Go to Login\nhomePage.getSignupLoginButton().click();\n// Enter correct email and password\nloginPage.enterLoginEmail(this.inf.email);\nloginPage.enterLoginPassword(this.inf.password);\nloginPage.clickLoginButton();\n// Click logout\nloginPage.clickLogout();\n// Verify redirected to login\nloginPage.verifyRedirectedToLogin();",
              "err": {},
              "uuid": "013858b4-7a87-4a6f-b709-a4c26623b2fd",
              "parentUUID": "f9b758d7-dd93-4d86-a463-fc2cb3d33043",
              "isHook": false,
              "skipped": false
            }
          ],
          "suites": [],
          "passes": [
            "013858b4-7a87-4a6f-b709-a4c26623b2fd"
          ],
          "failures": [],
          "pending": [],
          "skipped": [],
          "duration": 6952,
          "root": false,
          "rootEmpty": false,
          "_timeout": 2000
        }
      ],
      "passes": [],
      "failures": [],
      "pending": [],
      "skipped": [],
      "duration": 0,
      "root": true,
      "rootEmpty": true,
      "_timeout": 2000
    }
  ],
  "meta": {
    "mocha": {
      "version": "7.2.0"
    },
    "mochawesome": {
      "options": {
        "quiet": false,
        "reportFilename": "mochawesome",
        "saveHtml": false,
        "saveJson": true,
        "consoleReporter": "spec",
        "useInlineDiffs": false,
        "code": true
      },
      "version": "7.1.3"
    },
    "marge": {
      "options": {
        "reportDir": "cypress/reports",
        "overwrite": false,
        "html": false,
        "json": true
      },
      "version": "6.2.0"
    }
  }
}